{"/Users/joshjohnson/Projects/Choices/src/scripts/src/choices.js":{"path":"/Users/joshjohnson/Projects/Choices/src/scripts/src/choices.js","statementMap":{"0":{"start":{"line":3,"column":19},"end":{"line":3,"column":563}},"1":{"start":{"line":3,"column":76},"end":{"line":3,"column":347}},"2":{"start":{"line":3,"column":134},"end":{"line":3,"column":142}},"3":{"start":{"line":3,"column":144},"end":{"line":3,"column":199}},"4":{"start":{"line":3,"column":200},"end":{"line":3,"column":231}},"5":{"start":{"line":3,"column":232},"end":{"line":3,"column":286}},"6":{"start":{"line":3,"column":259},"end":{"line":3,"column":286}},"7":{"start":{"line":3,"column":287},"end":{"line":3,"column":345}},"8":{"start":{"line":3,"column":350},"end":{"line":3,"column":559}},"9":{"start":{"line":3,"column":407},"end":{"line":3,"column":475}},"10":{"start":{"line":3,"column":423},"end":{"line":3,"column":475}},"11":{"start":{"line":3,"column":476},"end":{"line":3,"column":536}},"12":{"start":{"line":3,"column":493},"end":{"line":3,"column":536}},"13":{"start":{"line":3,"column":537},"end":{"line":3,"column":556}},"14":{"start":{"line":5,"column":12},"end":{"line":5,"column":30}},"15":{"start":{"line":7,"column":13},"end":{"line":7,"column":42}},"16":{"start":{"line":9,"column":18},"end":{"line":9,"column":39}},"17":{"start":{"line":11,"column":19},"end":{"line":11,"column":54}},"18":{"start":{"line":13,"column":13},"end":{"line":13,"column":40}},"19":{"start":{"line":15,"column":14},"end":{"line":15,"column":44}},"20":{"start":{"line":17,"column":15},"end":{"line":17,"column":43}},"21":{"start":{"line":19,"column":13},"end":{"line":19,"column":38}},"22":{"start":{"line":21,"column":0},"end":{"line":21,"column":30}},"23":{"start":{"line":23,"column":39},"end":{"line":23,"column":93}},"24":{"start":{"line":25,"column":44},"end":{"line":25,"column":195}},"25":{"start":{"line":25,"column":62},"end":{"line":25,"column":166}},"26":{"start":{"line":25,"column":176},"end":{"line":25,"column":193}},"27":{"start":{"line":25,"column":196},"end":{"line":25,"column":207}},"28":{"start":{"line":27,"column":35},"end":{"line":27,"column":193}},"29":{"start":{"line":27,"column":61},"end":{"line":27,"column":145}},"30":{"start":{"line":27,"column":126},"end":{"line":27,"column":143}},"31":{"start":{"line":27,"column":146},"end":{"line":27,"column":158}},"32":{"start":{"line":27,"column":168},"end":{"line":27,"column":191}},"33":{"start":{"line":29,"column":50},"end":{"line":29,"column":151}},"34":{"start":{"line":29,"column":92},"end":{"line":29,"column":149}},"35":{"start":{"line":34,"column":14},"end":{"line":2707,"column":3}},"36":{"start":{"line":36,"column":18},"end":{"line":36,"column":101}},"37":{"start":{"line":37,"column":21},"end":{"line":37,"column":91}},"38":{"start":{"line":39,"column":4},"end":{"line":39,"column":35}},"39":{"start":{"line":43,"column":4},"end":{"line":51,"column":5}},"40":{"start":{"line":44,"column":21},"end":{"line":44,"column":55}},"41":{"start":{"line":45,"column":6},"end":{"line":50,"column":7}},"42":{"start":{"line":46,"column":8},"end":{"line":49,"column":9}},"43":{"start":{"line":47,"column":19},"end":{"line":47,"column":30}},"44":{"start":{"line":48,"column":10},"end":{"line":48,"column":38}},"45":{"start":{"line":53,"column":24},"end":{"line":124,"column":5}},"46":{"start":{"line":87,"column":8},"end":{"line":87,"column":59}},"47":{"start":{"line":90,"column":8},"end":{"line":90,"column":64}},"48":{"start":{"line":126,"column":4},"end":{"line":128,"column":6}},"49":{"start":{"line":131,"column":4},"end":{"line":131,"column":64}},"50":{"start":{"line":133,"column":4},"end":{"line":138,"column":5}},"51":{"start":{"line":134,"column":6},"end":{"line":136,"column":7}},"52":{"start":{"line":135,"column":8},"end":{"line":135,"column":118}},"53":{"start":{"line":137,"column":6},"end":{"line":137,"column":49}},"54":{"start":{"line":141,"column":4},"end":{"line":141,"column":50}},"55":{"start":{"line":144,"column":4},"end":{"line":144,"column":29}},"56":{"start":{"line":145,"column":4},"end":{"line":145,"column":27}},"57":{"start":{"line":146,"column":4},"end":{"line":146,"column":24}},"58":{"start":{"line":147,"column":4},"end":{"line":147,"column":27}},"59":{"start":{"line":150,"column":4},"end":{"line":150,"column":27}},"60":{"start":{"line":151,"column":4},"end":{"line":151,"column":107}},"61":{"start":{"line":152,"column":4},"end":{"line":152,"column":60}},"62":{"start":{"line":153,"column":4},"end":{"line":153,"column":71}},"63":{"start":{"line":154,"column":4},"end":{"line":154,"column":81}},"64":{"start":{"line":155,"column":4},"end":{"line":155,"column":83}},"65":{"start":{"line":156,"column":4},"end":{"line":156,"column":73}},"66":{"start":{"line":158,"column":4},"end":{"line":163,"column":5}},"67":{"start":{"line":159,"column":6},"end":{"line":161,"column":7}},"68":{"start":{"line":160,"column":8},"end":{"line":160,"column":50}},"69":{"start":{"line":162,"column":6},"end":{"line":162,"column":13}},"70":{"start":{"line":165,"column":4},"end":{"line":169,"column":5}},"71":{"start":{"line":166,"column":6},"end":{"line":168,"column":7}},"72":{"start":{"line":167,"column":8},"end":{"line":167,"column":109}},"73":{"start":{"line":171,"column":4},"end":{"line":171,"column":31}},"74":{"start":{"line":172,"column":4},"end":{"line":172,"column":47}},"75":{"start":{"line":175,"column":4},"end":{"line":175,"column":45}},"76":{"start":{"line":178,"column":4},"end":{"line":178,"column":41}},"77":{"start":{"line":181,"column":4},"end":{"line":183,"column":5}},"78":{"start":{"line":182,"column":6},"end":{"line":182,"column":104}},"79":{"start":{"line":186,"column":4},"end":{"line":186,"column":73}},"80":{"start":{"line":189,"column":4},"end":{"line":189,"column":41}},"81":{"start":{"line":192,"column":4},"end":{"line":192,"column":45}},"82":{"start":{"line":193,"column":4},"end":{"line":193,"column":43}},"83":{"start":{"line":194,"column":4},"end":{"line":194,"column":45}},"84":{"start":{"line":195,"column":4},"end":{"line":195,"column":49}},"85":{"start":{"line":196,"column":4},"end":{"line":196,"column":45}},"86":{"start":{"line":197,"column":4},"end":{"line":197,"column":53}},"87":{"start":{"line":198,"column":4},"end":{"line":198,"column":51}},"88":{"start":{"line":199,"column":4},"end":{"line":199,"column":53}},"89":{"start":{"line":200,"column":4},"end":{"line":200,"column":53}},"90":{"start":{"line":201,"column":4},"end":{"line":201,"column":45}},"91":{"start":{"line":202,"column":4},"end":{"line":202,"column":45}},"92":{"start":{"line":205,"column":4},"end":{"line":205,"column":23}},"93":{"start":{"line":208,"column":28},"end":{"line":208,"column":67}},"94":{"start":{"line":209,"column":4},"end":{"line":211,"column":5}},"95":{"start":{"line":210,"column":6},"end":{"line":210,"column":70}},"96":{"start":{"line":213,"column":18},"end":{"line":213,"column":86}},"97":{"start":{"line":215,"column":4},"end":{"line":225,"column":5}},"98":{"start":{"line":217,"column":6},"end":{"line":219,"column":7}},"99":{"start":{"line":218,"column":8},"end":{"line":218,"column":15}},"100":{"start":{"line":222,"column":6},"end":{"line":222,"column":18}},"101":{"start":{"line":223,"column":11},"end":{"line":225,"column":5}},"102":{"start":{"line":224,"column":6},"end":{"line":224,"column":49}},"103":{"start":{"line":239,"column":2},"end":{"line":2704,"column":6}},"104":{"start":{"line":242,"column":6},"end":{"line":244,"column":7}},"105":{"start":{"line":243,"column":8},"end":{"line":243,"column":15}},"106":{"start":{"line":246,"column":21},"end":{"line":246,"column":47}},"107":{"start":{"line":249,"column":6},"end":{"line":249,"column":30}},"108":{"start":{"line":251,"column":6},"end":{"line":251,"column":30}},"109":{"start":{"line":253,"column":6},"end":{"line":253,"column":26}},"110":{"start":{"line":255,"column":6},"end":{"line":255,"column":40}},"111":{"start":{"line":257,"column":6},"end":{"line":257,"column":20}},"112":{"start":{"line":259,"column":6},"end":{"line":259,"column":32}},"113":{"start":{"line":262,"column":6},"end":{"line":266,"column":7}},"114":{"start":{"line":263,"column":8},"end":{"line":265,"column":9}},"115":{"start":{"line":264,"column":10},"end":{"line":264,"column":30}},"116":{"start":{"line":278,"column":6},"end":{"line":280,"column":7}},"117":{"start":{"line":279,"column":8},"end":{"line":279,"column":15}},"118":{"start":{"line":283,"column":6},"end":{"line":283,"column":35}},"119":{"start":{"line":286,"column":6},"end":{"line":286,"column":108}},"120":{"start":{"line":287,"column":6},"end":{"line":287,"column":53}},"121":{"start":{"line":289,"column":22},"end":{"line":289,"column":79}},"122":{"start":{"line":290,"column":6},"end":{"line":295,"column":7}},"123":{"start":{"line":291,"column":8},"end":{"line":291,"column":69}},"124":{"start":{"line":292,"column":8},"end":{"line":292,"column":60}},"125":{"start":{"line":294,"column":8},"end":{"line":294,"column":52}},"126":{"start":{"line":296,"column":6},"end":{"line":296,"column":56}},"127":{"start":{"line":297,"column":6},"end":{"line":297,"column":56}},"128":{"start":{"line":300,"column":6},"end":{"line":300,"column":58}},"129":{"start":{"line":303,"column":6},"end":{"line":303,"column":91}},"130":{"start":{"line":305,"column":6},"end":{"line":305,"column":70}},"131":{"start":{"line":308,"column":6},"end":{"line":308,"column":24}},"132":{"start":{"line":311,"column":6},"end":{"line":311,"column":35}},"133":{"start":{"line":314,"column":6},"end":{"line":314,"column":31}},"134":{"start":{"line":329,"column":18},"end":{"line":329,"column":22}},"135":{"start":{"line":331,"column":26},"end":{"line":331,"column":71}},"136":{"start":{"line":332,"column":19},"end":{"line":332,"column":41}},"137":{"start":{"line":335,"column":6},"end":{"line":337,"column":7}},"138":{"start":{"line":336,"column":8},"end":{"line":336,"column":28}},"139":{"start":{"line":339,"column":6},"end":{"line":353,"column":9}},"140":{"start":{"line":341,"column":27},"end":{"line":346,"column":10}},"141":{"start":{"line":342,"column":10},"end":{"line":344,"column":11}},"142":{"start":{"line":343,"column":12},"end":{"line":343,"column":47}},"143":{"start":{"line":345,"column":10},"end":{"line":345,"column":65}},"144":{"start":{"line":348,"column":8},"end":{"line":352,"column":9}},"145":{"start":{"line":349,"column":30},"end":{"line":349,"column":70}},"146":{"start":{"line":350,"column":10},"end":{"line":350,"column":51}},"147":{"start":{"line":351,"column":10},"end":{"line":351,"column":65}},"148":{"start":{"line":355,"column":6},"end":{"line":355,"column":27}},"149":{"start":{"line":369,"column":19},"end":{"line":369,"column":23}},"150":{"start":{"line":371,"column":24},"end":{"line":371,"column":97}},"151":{"start":{"line":374,"column":28},"end":{"line":374,"column":73}},"152":{"start":{"line":375,"column":20},"end":{"line":375,"column":31}},"153":{"start":{"line":376,"column":34},"end":{"line":376,"column":63}},"154":{"start":{"line":377,"column":30},"end":{"line":377,"column":55}},"155":{"start":{"line":378,"column":30},"end":{"line":378,"column":55}},"156":{"start":{"line":380,"column":19},"end":{"line":380,"column":81}},"157":{"start":{"line":381,"column":25},"end":{"line":387,"column":7}},"158":{"start":{"line":382,"column":27},"end":{"line":382,"column":114}},"159":{"start":{"line":383,"column":8},"end":{"line":386,"column":9}},"160":{"start":{"line":384,"column":29},"end":{"line":384,"column":66}},"161":{"start":{"line":385,"column":10},"end":{"line":385,"column":52}},"162":{"start":{"line":389,"column":32},"end":{"line":389,"column":39}},"163":{"start":{"line":391,"column":6},"end":{"line":395,"column":7}},"164":{"start":{"line":392,"column":8},"end":{"line":394,"column":11}},"165":{"start":{"line":393,"column":10},"end":{"line":393,"column":34}},"166":{"start":{"line":398,"column":6},"end":{"line":400,"column":7}},"167":{"start":{"line":399,"column":8},"end":{"line":399,"column":41}},"168":{"start":{"line":402,"column":24},"end":{"line":402,"column":50}},"169":{"start":{"line":404,"column":6},"end":{"line":408,"column":7}},"170":{"start":{"line":405,"column":8},"end":{"line":405,"column":82}},"171":{"start":{"line":406,"column":13},"end":{"line":408,"column":7}},"172":{"start":{"line":407,"column":8},"end":{"line":407,"column":82}},"173":{"start":{"line":411,"column":6},"end":{"line":413,"column":7}},"174":{"start":{"line":412,"column":8},"end":{"line":412,"column":45}},"175":{"start":{"line":415,"column":6},"end":{"line":415,"column":29}},"176":{"start":{"line":429,"column":19},"end":{"line":429,"column":23}},"177":{"start":{"line":431,"column":21},"end":{"line":431,"column":93}},"178":{"start":{"line":434,"column":29},"end":{"line":434,"column":74}},"179":{"start":{"line":437,"column":6},"end":{"line":439,"column":7}},"180":{"start":{"line":438,"column":8},"end":{"line":438,"column":43}},"181":{"start":{"line":441,"column":6},"end":{"line":462,"column":7}},"182":{"start":{"line":443,"column":28},"end":{"line":443,"column":69}},"183":{"start":{"line":444,"column":34},"end":{"line":444,"column":75}},"184":{"start":{"line":446,"column":8},"end":{"line":446,"column":70}},"185":{"start":{"line":447,"column":8},"end":{"line":447,"column":55}},"186":{"start":{"line":449,"column":38},"end":{"line":449,"column":71}},"187":{"start":{"line":452,"column":8},"end":{"line":457,"column":11}},"188":{"start":{"line":454,"column":23},"end":{"line":454,"column":58}},"189":{"start":{"line":456,"column":10},"end":{"line":456,"column":54}},"190":{"start":{"line":460,"column":8},"end":{"line":460,"column":42}},"191":{"start":{"line":461,"column":8},"end":{"line":461,"column":64}},"192":{"start":{"line":465,"column":6},"end":{"line":470,"column":9}},"193":{"start":{"line":467,"column":23},"end":{"line":467,"column":56}},"194":{"start":{"line":469,"column":8},"end":{"line":469,"column":47}},"195":{"start":{"line":472,"column":6},"end":{"line":472,"column":30}},"196":{"start":{"line":484,"column":6},"end":{"line":484,"column":48}},"197":{"start":{"line":487,"column":6},"end":{"line":566,"column":7}},"198":{"start":{"line":489,"column":8},"end":{"line":544,"column":9}},"199":{"start":{"line":490,"column":10},"end":{"line":543,"column":11}},"200":{"start":{"line":492,"column":31},"end":{"line":492,"column":69}},"201":{"start":{"line":493,"column":32},"end":{"line":493,"column":71}},"202":{"start":{"line":495,"column":37},"end":{"line":495,"column":70}},"203":{"start":{"line":498,"column":12},"end":{"line":498,"column":43}},"204":{"start":{"line":501,"column":12},"end":{"line":503,"column":13}},"205":{"start":{"line":502,"column":14},"end":{"line":502,"column":44}},"206":{"start":{"line":506,"column":12},"end":{"line":510,"column":13}},"207":{"start":{"line":507,"column":14},"end":{"line":507,"column":102}},"208":{"start":{"line":508,"column":19},"end":{"line":510,"column":13}},"209":{"start":{"line":509,"column":14},"end":{"line":509,"column":89}},"210":{"start":{"line":512,"column":30},"end":{"line":512,"column":67}},"211":{"start":{"line":513,"column":29},"end":{"line":513,"column":76}},"212":{"start":{"line":516,"column":12},"end":{"line":542,"column":13}},"213":{"start":{"line":518,"column":14},"end":{"line":525,"column":15}},"214":{"start":{"line":520,"column":16},"end":{"line":520,"column":64}},"215":{"start":{"line":521,"column":16},"end":{"line":521,"column":40}},"216":{"start":{"line":524,"column":16},"end":{"line":524,"column":92}},"217":{"start":{"line":528,"column":33},"end":{"line":528,"column":39}},"218":{"start":{"line":529,"column":27},"end":{"line":529,"column":33}},"219":{"start":{"line":531,"column":14},"end":{"line":539,"column":15}},"220":{"start":{"line":532,"column":16},"end":{"line":532,"column":141}},"221":{"start":{"line":534,"column":16},"end":{"line":534,"column":67}},"222":{"start":{"line":536,"column":16},"end":{"line":536,"column":141}},"223":{"start":{"line":538,"column":16},"end":{"line":538,"column":67}},"224":{"start":{"line":541,"column":14},"end":{"line":541,"column":56}},"225":{"start":{"line":547,"column":8},"end":{"line":563,"column":9}},"226":{"start":{"line":548,"column":29},"end":{"line":548,"column":66}},"227":{"start":{"line":549,"column":10},"end":{"line":562,"column":11}},"228":{"start":{"line":552,"column":35},"end":{"line":552,"column":65}},"229":{"start":{"line":555,"column":12},"end":{"line":555,"column":41}},"230":{"start":{"line":558,"column":12},"end":{"line":561,"column":13}},"231":{"start":{"line":560,"column":14},"end":{"line":560,"column":58}},"232":{"start":{"line":565,"column":8},"end":{"line":565,"column":43}},"233":{"start":{"line":580,"column":21},"end":{"line":580,"column":93}},"234":{"start":{"line":582,"column":6},"end":{"line":584,"column":7}},"235":{"start":{"line":583,"column":8},"end":{"line":583,"column":20}},"236":{"start":{"line":586,"column":15},"end":{"line":586,"column":22}},"237":{"start":{"line":587,"column":20},"end":{"line":587,"column":32}},"238":{"start":{"line":588,"column":18},"end":{"line":588,"column":72}},"239":{"start":{"line":590,"column":6},"end":{"line":590,"column":65}},"240":{"start":{"line":592,"column":6},"end":{"line":607,"column":7}},"241":{"start":{"line":593,"column":8},"end":{"line":606,"column":9}},"242":{"start":{"line":594,"column":10},"end":{"line":599,"column":13}},"243":{"start":{"line":601,"column":10},"end":{"line":605,"column":13}},"244":{"start":{"line":609,"column":6},"end":{"line":609,"column":18}},"245":{"start":{"line":622,"column":6},"end":{"line":624,"column":7}},"246":{"start":{"line":623,"column":8},"end":{"line":623,"column":20}},"247":{"start":{"line":626,"column":15},"end":{"line":626,"column":22}},"248":{"start":{"line":627,"column":20},"end":{"line":627,"column":32}},"249":{"start":{"line":628,"column":18},"end":{"line":628,"column":72}},"250":{"start":{"line":630,"column":6},"end":{"line":630,"column":66}},"251":{"start":{"line":632,"column":6},"end":{"line":645,"column":7}},"252":{"start":{"line":633,"column":8},"end":{"line":638,"column":11}},"253":{"start":{"line":640,"column":8},"end":{"line":644,"column":11}},"254":{"start":{"line":647,"column":6},"end":{"line":647,"column":18}},"255":{"start":{"line":659,"column":19},"end":{"line":659,"column":23}},"256":{"start":{"line":661,"column":18},"end":{"line":661,"column":39}},"257":{"start":{"line":662,"column":6},"end":{"line":664,"column":9}},"258":{"start":{"line":663,"column":8},"end":{"line":663,"column":35}},"259":{"start":{"line":666,"column":6},"end":{"line":666,"column":18}},"260":{"start":{"line":678,"column":19},"end":{"line":678,"column":23}},"261":{"start":{"line":680,"column":18},"end":{"line":680,"column":39}},"262":{"start":{"line":681,"column":6},"end":{"line":683,"column":9}},"263":{"start":{"line":682,"column":8},"end":{"line":682,"column":37}},"264":{"start":{"line":685,"column":6},"end":{"line":685,"column":18}},"265":{"start":{"line":698,"column":19},"end":{"line":698,"column":23}},"266":{"start":{"line":700,"column":6},"end":{"line":702,"column":7}},"267":{"start":{"line":701,"column":8},"end":{"line":701,"column":20}},"268":{"start":{"line":704,"column":18},"end":{"line":704,"column":55}},"269":{"start":{"line":706,"column":6},"end":{"line":710,"column":9}},"270":{"start":{"line":707,"column":8},"end":{"line":709,"column":9}},"271":{"start":{"line":708,"column":10},"end":{"line":708,"column":35}},"272":{"start":{"line":712,"column":6},"end":{"line":712,"column":18}},"273":{"start":{"line":726,"column":19},"end":{"line":726,"column":23}},"274":{"start":{"line":728,"column":18},"end":{"line":728,"column":55}},"275":{"start":{"line":730,"column":6},"end":{"line":734,"column":9}},"276":{"start":{"line":731,"column":8},"end":{"line":733,"column":9}},"277":{"start":{"line":732,"column":10},"end":{"line":732,"column":35}},"278":{"start":{"line":736,"column":6},"end":{"line":736,"column":18}},"279":{"start":{"line":749,"column":19},"end":{"line":749,"column":23}},"280":{"start":{"line":751,"column":21},"end":{"line":751,"column":94}},"281":{"start":{"line":753,"column":18},"end":{"line":753,"column":55}},"282":{"start":{"line":755,"column":6},"end":{"line":764,"column":9}},"283":{"start":{"line":756,"column":8},"end":{"line":763,"column":9}},"284":{"start":{"line":757,"column":10},"end":{"line":757,"column":35}},"285":{"start":{"line":760,"column":10},"end":{"line":762,"column":11}},"286":{"start":{"line":761,"column":12},"end":{"line":761,"column":46}},"287":{"start":{"line":766,"column":6},"end":{"line":766,"column":18}},"288":{"start":{"line":778,"column":23},"end":{"line":778,"column":96}},"289":{"start":{"line":780,"column":17},"end":{"line":780,"column":30}},"290":{"start":{"line":781,"column":17},"end":{"line":781,"column":41}},"291":{"start":{"line":782,"column":22},"end":{"line":782,"column":125}},"292":{"start":{"line":784,"column":6},"end":{"line":784,"column":74}},"293":{"start":{"line":785,"column":6},"end":{"line":785,"column":64}},"294":{"start":{"line":786,"column":6},"end":{"line":786,"column":70}},"295":{"start":{"line":787,"column":6},"end":{"line":787,"column":58}},"296":{"start":{"line":789,"column":23},"end":{"line":789,"column":60}},"297":{"start":{"line":790,"column":24},"end":{"line":790,"column":95}},"298":{"start":{"line":793,"column":23},"end":{"line":793,"column":28}},"299":{"start":{"line":794,"column":6},"end":{"line":798,"column":7}},"300":{"start":{"line":795,"column":8},"end":{"line":795,"column":46}},"301":{"start":{"line":796,"column":13},"end":{"line":798,"column":7}},"302":{"start":{"line":797,"column":8},"end":{"line":797,"column":26}},"303":{"start":{"line":800,"column":6},"end":{"line":802,"column":7}},"304":{"start":{"line":801,"column":8},"end":{"line":801,"column":79}},"305":{"start":{"line":805,"column":6},"end":{"line":807,"column":7}},"306":{"start":{"line":806,"column":8},"end":{"line":806,"column":27}},"307":{"start":{"line":809,"column":6},"end":{"line":809,"column":71}},"308":{"start":{"line":811,"column":6},"end":{"line":811,"column":18}},"309":{"start":{"line":823,"column":22},"end":{"line":823,"column":95}},"310":{"start":{"line":826,"column":22},"end":{"line":826,"column":97}},"311":{"start":{"line":828,"column":6},"end":{"line":828,"column":77}},"312":{"start":{"line":829,"column":6},"end":{"line":829,"column":65}},"313":{"start":{"line":830,"column":6},"end":{"line":830,"column":73}},"314":{"start":{"line":831,"column":6},"end":{"line":831,"column":59}},"315":{"start":{"line":833,"column":6},"end":{"line":835,"column":7}},"316":{"start":{"line":834,"column":8},"end":{"line":834,"column":82}},"317":{"start":{"line":838,"column":6},"end":{"line":840,"column":7}},"318":{"start":{"line":839,"column":8},"end":{"line":839,"column":26}},"319":{"start":{"line":842,"column":6},"end":{"line":842,"column":71}},"320":{"start":{"line":844,"column":6},"end":{"line":844,"column":18}},"321":{"start":{"line":856,"column":30},"end":{"line":856,"column":98}},"322":{"start":{"line":857,"column":6},"end":{"line":861,"column":7}},"323":{"start":{"line":858,"column":8},"end":{"line":858,"column":28}},"324":{"start":{"line":860,"column":8},"end":{"line":860,"column":32}},"325":{"start":{"line":863,"column":6},"end":{"line":863,"column":18}},"326":{"start":{"line":876,"column":19},"end":{"line":876,"column":23}},"327":{"start":{"line":878,"column":22},"end":{"line":878,"column":95}},"328":{"start":{"line":880,"column":18},"end":{"line":880,"column":55}},"329":{"start":{"line":881,"column":26},"end":{"line":881,"column":28}},"330":{"start":{"line":883,"column":6},"end":{"line":889,"column":9}},"331":{"start":{"line":884,"column":8},"end":{"line":888,"column":9}},"332":{"start":{"line":885,"column":10},"end":{"line":885,"column":60}},"333":{"start":{"line":886,"column":15},"end":{"line":888,"column":9}},"334":{"start":{"line":887,"column":10},"end":{"line":887,"column":60}},"335":{"start":{"line":891,"column":6},"end":{"line":893,"column":7}},"336":{"start":{"line":892,"column":8},"end":{"line":892,"column":32}},"337":{"start":{"line":895,"column":6},"end":{"line":895,"column":27}},"338":{"start":{"line":909,"column":20},"end":{"line":909,"column":24}},"339":{"start":{"line":911,"column":6},"end":{"line":944,"column":7}},"340":{"start":{"line":913,"column":21},"end":{"line":913,"column":56}},"341":{"start":{"line":914,"column":26},"end":{"line":935,"column":9}},"342":{"start":{"line":915,"column":25},"end":{"line":915,"column":50}},"343":{"start":{"line":916,"column":10},"end":{"line":934,"column":11}},"344":{"start":{"line":917,"column":12},"end":{"line":919,"column":13}},"345":{"start":{"line":918,"column":14},"end":{"line":918,"column":21}},"346":{"start":{"line":923,"column":12},"end":{"line":927,"column":13}},"347":{"start":{"line":924,"column":14},"end":{"line":924,"column":103}},"348":{"start":{"line":926,"column":14},"end":{"line":926,"column":104}},"349":{"start":{"line":928,"column":17},"end":{"line":934,"column":11}},"350":{"start":{"line":929,"column":12},"end":{"line":933,"column":13}},"351":{"start":{"line":930,"column":14},"end":{"line":930,"column":68}},"352":{"start":{"line":932,"column":14},"end":{"line":932,"column":37}},"353":{"start":{"line":937,"column":8},"end":{"line":943,"column":9}},"354":{"start":{"line":938,"column":10},"end":{"line":940,"column":13}},"355":{"start":{"line":939,"column":12},"end":{"line":939,"column":31}},"356":{"start":{"line":942,"column":10},"end":{"line":942,"column":33}},"357":{"start":{"line":945,"column":6},"end":{"line":945,"column":18}},"358":{"start":{"line":958,"column":20},"end":{"line":958,"column":24}},"359":{"start":{"line":960,"column":6},"end":{"line":982,"column":7}},"360":{"start":{"line":961,"column":22},"end":{"line":961,"column":45}},"361":{"start":{"line":963,"column":26},"end":{"line":963,"column":78}},"362":{"start":{"line":966,"column":8},"end":{"line":981,"column":11}},"363":{"start":{"line":967,"column":28},"end":{"line":970,"column":12}},"364":{"start":{"line":969,"column":12},"end":{"line":969,"column":40}},"365":{"start":{"line":972,"column":10},"end":{"line":980,"column":11}},"366":{"start":{"line":973,"column":12},"end":{"line":977,"column":13}},"367":{"start":{"line":974,"column":14},"end":{"line":974,"column":157}},"368":{"start":{"line":975,"column":19},"end":{"line":977,"column":13}},"369":{"start":{"line":976,"column":14},"end":{"line":976,"column":75}},"370":{"start":{"line":978,"column":17},"end":{"line":980,"column":11}},"371":{"start":{"line":979,"column":12},"end":{"line":979,"column":76}},"372":{"start":{"line":983,"column":6},"end":{"line":983,"column":18}},"373":{"start":{"line":999,"column":20},"end":{"line":999,"column":24}},"374":{"start":{"line":1001,"column":27},"end":{"line":1001,"column":100}},"375":{"start":{"line":1003,"column":6},"end":{"line":1024,"column":7}},"376":{"start":{"line":1004,"column":8},"end":{"line":1023,"column":9}},"377":{"start":{"line":1005,"column":10},"end":{"line":1007,"column":11}},"378":{"start":{"line":1006,"column":12},"end":{"line":1006,"column":24}},"379":{"start":{"line":1009,"column":10},"end":{"line":1011,"column":11}},"380":{"start":{"line":1010,"column":12},"end":{"line":1010,"column":33}},"381":{"start":{"line":1013,"column":10},"end":{"line":1022,"column":11}},"382":{"start":{"line":1014,"column":12},"end":{"line":1014,"column":86}},"383":{"start":{"line":1015,"column":12},"end":{"line":1021,"column":15}},"384":{"start":{"line":1016,"column":14},"end":{"line":1020,"column":15}},"385":{"start":{"line":1017,"column":16},"end":{"line":1017,"column":75}},"386":{"start":{"line":1019,"column":16},"end":{"line":1019,"column":144}},"387":{"start":{"line":1025,"column":6},"end":{"line":1025,"column":18}},"388":{"start":{"line":1038,"column":6},"end":{"line":1038,"column":52}},"389":{"start":{"line":1039,"column":6},"end":{"line":1039,"column":18}},"390":{"start":{"line":1051,"column":6},"end":{"line":1053,"column":7}},"391":{"start":{"line":1052,"column":8},"end":{"line":1052,"column":30}},"392":{"start":{"line":1054,"column":6},"end":{"line":1056,"column":7}},"393":{"start":{"line":1055,"column":8},"end":{"line":1055,"column":30}},"394":{"start":{"line":1057,"column":6},"end":{"line":1060,"column":7}},"395":{"start":{"line":1058,"column":8},"end":{"line":1058,"column":33}},"396":{"start":{"line":1059,"column":8},"end":{"line":1059,"column":65}},"397":{"start":{"line":1061,"column":6},"end":{"line":1061,"column":18}},"398":{"start":{"line":1072,"column":6},"end":{"line":1072,"column":42}},"399":{"start":{"line":1073,"column":23},"end":{"line":1073,"column":99}},"400":{"start":{"line":1074,"column":6},"end":{"line":1083,"column":7}},"401":{"start":{"line":1075,"column":8},"end":{"line":1075,"column":34}},"402":{"start":{"line":1076,"column":8},"end":{"line":1076,"column":55}},"403":{"start":{"line":1077,"column":8},"end":{"line":1077,"column":47}},"404":{"start":{"line":1078,"column":8},"end":{"line":1078,"column":83}},"405":{"start":{"line":1079,"column":8},"end":{"line":1079,"column":61}},"406":{"start":{"line":1080,"column":8},"end":{"line":1082,"column":9}},"407":{"start":{"line":1081,"column":10},"end":{"line":1081,"column":60}},"408":{"start":{"line":1084,"column":6},"end":{"line":1084,"column":18}},"409":{"start":{"line":1096,"column":6},"end":{"line":1096,"column":41}},"410":{"start":{"line":1097,"column":22},"end":{"line":1097,"column":99}},"411":{"start":{"line":1098,"column":6},"end":{"line":1107,"column":7}},"412":{"start":{"line":1099,"column":8},"end":{"line":1099,"column":37}},"413":{"start":{"line":1100,"column":8},"end":{"line":1100,"column":56}},"414":{"start":{"line":1101,"column":8},"end":{"line":1101,"column":48}},"415":{"start":{"line":1102,"column":8},"end":{"line":1102,"column":80}},"416":{"start":{"line":1103,"column":8},"end":{"line":1103,"column":66}},"417":{"start":{"line":1104,"column":8},"end":{"line":1106,"column":9}},"418":{"start":{"line":1105,"column":10},"end":{"line":1105,"column":61}},"419":{"start":{"line":1108,"column":6},"end":{"line":1108,"column":18}},"420":{"start":{"line":1121,"column":20},"end":{"line":1121,"column":24}},"421":{"start":{"line":1123,"column":6},"end":{"line":1132,"column":7}},"422":{"start":{"line":1124,"column":8},"end":{"line":1131,"column":9}},"423":{"start":{"line":1126,"column":10},"end":{"line":1128,"column":13}},"424":{"start":{"line":1127,"column":12},"end":{"line":1127,"column":46}},"425":{"start":{"line":1130,"column":10},"end":{"line":1130,"column":35}},"426":{"start":{"line":1133,"column":6},"end":{"line":1133,"column":18}},"427":{"start":{"line":1152,"column":6},"end":{"line":1154,"column":7}},"428":{"start":{"line":1153,"column":8},"end":{"line":1153,"column":15}},"429":{"start":{"line":1156,"column":6},"end":{"line":1158,"column":9}},"430":{"start":{"line":1172,"column":6},"end":{"line":1174,"column":7}},"431":{"start":{"line":1173,"column":8},"end":{"line":1173,"column":15}},"432":{"start":{"line":1177,"column":6},"end":{"line":1194,"column":7}},"433":{"start":{"line":1178,"column":21},"end":{"line":1178,"column":63}},"434":{"start":{"line":1179,"column":27},"end":{"line":1181,"column":10}},"435":{"start":{"line":1180,"column":10},"end":{"line":1180,"column":50}},"436":{"start":{"line":1184,"column":8},"end":{"line":1184,"column":39}},"437":{"start":{"line":1185,"column":8},"end":{"line":1185,"column":48}},"438":{"start":{"line":1187,"column":8},"end":{"line":1193,"column":9}},"439":{"start":{"line":1188,"column":28},"end":{"line":1188,"column":140}},"440":{"start":{"line":1189,"column":10},"end":{"line":1192,"column":11}},"441":{"start":{"line":1190,"column":34},"end":{"line":1190,"column":79}},"442":{"start":{"line":1191,"column":12},"end":{"line":1191,"column":55}},"443":{"start":{"line":1209,"column":20},"end":{"line":1209,"column":24}},"444":{"start":{"line":1211,"column":24},"end":{"line":1211,"column":97}},"445":{"start":{"line":1213,"column":6},"end":{"line":1215,"column":7}},"446":{"start":{"line":1214,"column":8},"end":{"line":1214,"column":15}},"447":{"start":{"line":1218,"column":6},"end":{"line":1239,"column":7}},"448":{"start":{"line":1219,"column":23},"end":{"line":1219,"column":54}},"449":{"start":{"line":1224,"column":8},"end":{"line":1232,"column":11}},"450":{"start":{"line":1225,"column":10},"end":{"line":1231,"column":11}},"451":{"start":{"line":1226,"column":12},"end":{"line":1226,"column":40}},"452":{"start":{"line":1227,"column":17},"end":{"line":1231,"column":11}},"453":{"start":{"line":1228,"column":12},"end":{"line":1230,"column":13}},"454":{"start":{"line":1229,"column":14},"end":{"line":1229,"column":44}},"455":{"start":{"line":1236,"column":8},"end":{"line":1238,"column":9}},"456":{"start":{"line":1237,"column":10},"end":{"line":1237,"column":29}},"457":{"start":{"line":1252,"column":6},"end":{"line":1254,"column":7}},"458":{"start":{"line":1253,"column":8},"end":{"line":1253,"column":15}},"459":{"start":{"line":1257,"column":15},"end":{"line":1257,"column":46}},"460":{"start":{"line":1258,"column":19},"end":{"line":1258,"column":47}},"461":{"start":{"line":1259,"column":26},"end":{"line":1259,"column":98}},"462":{"start":{"line":1260,"column":30},"end":{"line":1260,"column":98}},"463":{"start":{"line":1263,"column":6},"end":{"line":1263,"column":37}},"464":{"start":{"line":1265,"column":6},"end":{"line":1267,"column":9}},"465":{"start":{"line":1269,"column":6},"end":{"line":1276,"column":7}},"466":{"start":{"line":1270,"column":25},"end":{"line":1270,"column":68}},"467":{"start":{"line":1272,"column":8},"end":{"line":1275,"column":9}},"468":{"start":{"line":1273,"column":10},"end":{"line":1273,"column":120}},"469":{"start":{"line":1274,"column":10},"end":{"line":1274,"column":44}},"470":{"start":{"line":1278,"column":6},"end":{"line":1278,"column":24}},"471":{"start":{"line":1281,"column":6},"end":{"line":1284,"column":7}},"472":{"start":{"line":1282,"column":8},"end":{"line":1282,"column":28}},"473":{"start":{"line":1283,"column":8},"end":{"line":1283,"column":36}},"474":{"start":{"line":1297,"column":6},"end":{"line":1316,"column":7}},"475":{"start":{"line":1298,"column":23},"end":{"line":1298,"column":58}},"476":{"start":{"line":1299,"column":34},"end":{"line":1301,"column":10}},"477":{"start":{"line":1300,"column":10},"end":{"line":1300,"column":34}},"478":{"start":{"line":1305,"column":8},"end":{"line":1315,"column":9}},"479":{"start":{"line":1306,"column":10},"end":{"line":1306,"column":44}},"480":{"start":{"line":1307,"column":10},"end":{"line":1307,"column":32}},"481":{"start":{"line":1308,"column":10},"end":{"line":1308,"column":37}},"482":{"start":{"line":1309,"column":10},"end":{"line":1309,"column":46}},"483":{"start":{"line":1311,"column":10},"end":{"line":1313,"column":11}},"484":{"start":{"line":1312,"column":12},"end":{"line":1312,"column":48}},"485":{"start":{"line":1314,"column":10},"end":{"line":1314,"column":44}},"486":{"start":{"line":1330,"column":23},"end":{"line":1330,"column":27}},"487":{"start":{"line":1331,"column":19},"end":{"line":1331,"column":133}},"488":{"start":{"line":1333,"column":6},"end":{"line":1340,"column":7}},"489":{"start":{"line":1334,"column":8},"end":{"line":1339,"column":9}},"490":{"start":{"line":1337,"column":10},"end":{"line":1337,"column":29}},"491":{"start":{"line":1338,"column":10},"end":{"line":1338,"column":153}},"492":{"start":{"line":1342,"column":6},"end":{"line":1349,"column":7}},"493":{"start":{"line":1344,"column":8},"end":{"line":1348,"column":9}},"494":{"start":{"line":1347,"column":10},"end":{"line":1347,"column":48}},"495":{"start":{"line":1353,"column":21},"end":{"line":1359,"column":8}},"496":{"start":{"line":1354,"column":8},"end":{"line":1356,"column":9}},"497":{"start":{"line":1355,"column":10},"end":{"line":1355,"column":45}},"498":{"start":{"line":1358,"column":8},"end":{"line":1358,"column":36}},"499":{"start":{"line":1361,"column":6},"end":{"line":1364,"column":7}},"500":{"start":{"line":1362,"column":8},"end":{"line":1362,"column":27}},"501":{"start":{"line":1363,"column":8},"end":{"line":1363,"column":141}},"502":{"start":{"line":1366,"column":6},"end":{"line":1369,"column":8}},"503":{"start":{"line":1382,"column":22},"end":{"line":1382,"column":94}},"504":{"start":{"line":1384,"column":28},"end":{"line":1384,"column":97}},"505":{"start":{"line":1385,"column":6},"end":{"line":1408,"column":7}},"506":{"start":{"line":1386,"column":8},"end":{"line":1386,"column":79}},"507":{"start":{"line":1387,"column":8},"end":{"line":1387,"column":62}},"508":{"start":{"line":1388,"column":8},"end":{"line":1397,"column":9}},"509":{"start":{"line":1389,"column":10},"end":{"line":1394,"column":11}},"510":{"start":{"line":1390,"column":12},"end":{"line":1390,"column":88}},"511":{"start":{"line":1391,"column":12},"end":{"line":1391,"column":55}},"512":{"start":{"line":1393,"column":12},"end":{"line":1393,"column":64}},"513":{"start":{"line":1396,"column":10},"end":{"line":1396,"column":59}},"514":{"start":{"line":1400,"column":8},"end":{"line":1400,"column":82}},"515":{"start":{"line":1401,"column":26},"end":{"line":1401,"column":138}},"516":{"start":{"line":1403,"column":8},"end":{"line":1407,"column":9}},"517":{"start":{"line":1404,"column":10},"end":{"line":1404,"column":56}},"518":{"start":{"line":1406,"column":10},"end":{"line":1406,"column":53}},"519":{"start":{"line":1420,"column":20},"end":{"line":1420,"column":24}},"520":{"start":{"line":1422,"column":6},"end":{"line":1447,"column":8}},"521":{"start":{"line":1423,"column":8},"end":{"line":1425,"column":9}},"522":{"start":{"line":1424,"column":10},"end":{"line":1424,"column":17}},"523":{"start":{"line":1427,"column":28},"end":{"line":1427,"column":87}},"524":{"start":{"line":1429,"column":8},"end":{"line":1444,"column":9}},"525":{"start":{"line":1431,"column":10},"end":{"line":1431,"column":45}},"526":{"start":{"line":1433,"column":10},"end":{"line":1440,"column":13}},"527":{"start":{"line":1434,"column":12},"end":{"line":1439,"column":13}},"528":{"start":{"line":1435,"column":28},"end":{"line":1435,"column":45}},"529":{"start":{"line":1436,"column":14},"end":{"line":1436,"column":63}},"530":{"start":{"line":1438,"column":14},"end":{"line":1438,"column":142}},"531":{"start":{"line":1443,"column":10},"end":{"line":1443,"column":45}},"532":{"start":{"line":1446,"column":8},"end":{"line":1446,"column":60}},"533":{"start":{"line":1460,"column":21},"end":{"line":1460,"column":79}},"534":{"start":{"line":1461,"column":25},"end":{"line":1461,"column":119}},"535":{"start":{"line":1464,"column":6},"end":{"line":1476,"column":7}},"536":{"start":{"line":1465,"column":23},"end":{"line":1465,"column":66}},"537":{"start":{"line":1466,"column":21},"end":{"line":1466,"column":29}},"538":{"start":{"line":1467,"column":19},"end":{"line":1467,"column":128}},"539":{"start":{"line":1468,"column":22},"end":{"line":1468,"column":76}},"540":{"start":{"line":1469,"column":19},"end":{"line":1469,"column":56}},"541":{"start":{"line":1470,"column":22},"end":{"line":1470,"column":41}},"542":{"start":{"line":1472,"column":8},"end":{"line":1472,"column":37}},"543":{"start":{"line":1473,"column":8},"end":{"line":1473,"column":35}},"544":{"start":{"line":1474,"column":8},"end":{"line":1474,"column":32}},"545":{"start":{"line":1475,"column":8},"end":{"line":1475,"column":66}},"546":{"start":{"line":1489,"column":6},"end":{"line":1491,"column":7}},"547":{"start":{"line":1490,"column":8},"end":{"line":1490,"column":15}},"548":{"start":{"line":1493,"column":20},"end":{"line":1493,"column":43}},"549":{"start":{"line":1494,"column":31},"end":{"line":1496,"column":8}},"550":{"start":{"line":1495,"column":8},"end":{"line":1495,"column":30}},"551":{"start":{"line":1499,"column":6},"end":{"line":1516,"column":7}},"552":{"start":{"line":1501,"column":8},"end":{"line":1515,"column":9}},"553":{"start":{"line":1503,"column":10},"end":{"line":1506,"column":11}},"554":{"start":{"line":1505,"column":12},"end":{"line":1505,"column":39}},"555":{"start":{"line":1508,"column":10},"end":{"line":1510,"column":13}},"556":{"start":{"line":1511,"column":15},"end":{"line":1515,"column":9}},"557":{"start":{"line":1513,"column":10},"end":{"line":1513,"column":35}},"558":{"start":{"line":1514,"column":10},"end":{"line":1514,"column":67}},"559":{"start":{"line":1528,"column":6},"end":{"line":1528,"column":56}},"560":{"start":{"line":1529,"column":6},"end":{"line":1529,"column":60}},"561":{"start":{"line":1530,"column":6},"end":{"line":1530,"column":56}},"562":{"start":{"line":1531,"column":6},"end":{"line":1531,"column":64}},"563":{"start":{"line":1532,"column":6},"end":{"line":1532,"column":62}},"564":{"start":{"line":1533,"column":6},"end":{"line":1533,"column":64}},"565":{"start":{"line":1534,"column":6},"end":{"line":1534,"column":64}},"566":{"start":{"line":1536,"column":6},"end":{"line":1539,"column":7}},"567":{"start":{"line":1537,"column":8},"end":{"line":1537,"column":69}},"568":{"start":{"line":1538,"column":8},"end":{"line":1538,"column":67}},"569":{"start":{"line":1541,"column":6},"end":{"line":1541,"column":58}},"570":{"start":{"line":1542,"column":6},"end":{"line":1542,"column":58}},"571":{"start":{"line":1543,"column":6},"end":{"line":1543,"column":58}},"572":{"start":{"line":1544,"column":6},"end":{"line":1544,"column":56}},"573":{"start":{"line":1556,"column":6},"end":{"line":1556,"column":59}},"574":{"start":{"line":1557,"column":6},"end":{"line":1557,"column":63}},"575":{"start":{"line":1558,"column":6},"end":{"line":1558,"column":59}},"576":{"start":{"line":1559,"column":6},"end":{"line":1559,"column":67}},"577":{"start":{"line":1560,"column":6},"end":{"line":1560,"column":65}},"578":{"start":{"line":1561,"column":6},"end":{"line":1561,"column":67}},"579":{"start":{"line":1562,"column":6},"end":{"line":1562,"column":67}},"580":{"start":{"line":1564,"column":6},"end":{"line":1567,"column":7}},"581":{"start":{"line":1565,"column":8},"end":{"line":1565,"column":72}},"582":{"start":{"line":1566,"column":8},"end":{"line":1566,"column":70}},"583":{"start":{"line":1569,"column":6},"end":{"line":1569,"column":61}},"584":{"start":{"line":1570,"column":6},"end":{"line":1570,"column":61}},"585":{"start":{"line":1571,"column":6},"end":{"line":1571,"column":61}},"586":{"start":{"line":1572,"column":6},"end":{"line":1572,"column":59}},"587":{"start":{"line":1584,"column":6},"end":{"line":1594,"column":7}},"588":{"start":{"line":1587,"column":26},"end":{"line":1587,"column":138}},"589":{"start":{"line":1588,"column":8},"end":{"line":1590,"column":9}},"590":{"start":{"line":1589,"column":10},"end":{"line":1589,"column":75}},"591":{"start":{"line":1593,"column":8},"end":{"line":1593,"column":73}},"592":{"start":{"line":1606,"column":20},"end":{"line":1606,"column":24}},"593":{"start":{"line":1609,"column":6},"end":{"line":1611,"column":7}},"594":{"start":{"line":1610,"column":8},"end":{"line":1610,"column":15}},"595":{"start":{"line":1613,"column":19},"end":{"line":1613,"column":27}},"596":{"start":{"line":1614,"column":24},"end":{"line":1614,"column":61}},"597":{"start":{"line":1615,"column":28},"end":{"line":1615,"column":65}},"598":{"start":{"line":1616,"column":30},"end":{"line":1616,"column":98}},"599":{"start":{"line":1617,"column":21},"end":{"line":1617,"column":60}},"600":{"start":{"line":1618,"column":22},"end":{"line":1618,"column":52}},"601":{"start":{"line":1620,"column":20},"end":{"line":1620,"column":22}},"602":{"start":{"line":1621,"column":22},"end":{"line":1621,"column":23}},"603":{"start":{"line":1622,"column":21},"end":{"line":1622,"column":23}},"604":{"start":{"line":1623,"column":17},"end":{"line":1623,"column":19}},"605":{"start":{"line":1624,"column":22},"end":{"line":1624,"column":24}},"606":{"start":{"line":1625,"column":18},"end":{"line":1625,"column":20}},"607":{"start":{"line":1626,"column":20},"end":{"line":1626,"column":22}},"608":{"start":{"line":1627,"column":22},"end":{"line":1627,"column":24}},"609":{"start":{"line":1628,"column":24},"end":{"line":1628,"column":26}},"610":{"start":{"line":1629,"column":24},"end":{"line":1629,"column":46}},"611":{"start":{"line":1632,"column":6},"end":{"line":1634,"column":7}},"612":{"start":{"line":1633,"column":8},"end":{"line":1633,"column":32}},"613":{"start":{"line":1636,"column":6},"end":{"line":1636,"column":49}},"614":{"start":{"line":1638,"column":19},"end":{"line":1647,"column":7}},"615":{"start":{"line":1640,"column":8},"end":{"line":1646,"column":9}},"616":{"start":{"line":1641,"column":10},"end":{"line":1641,"column":36}},"617":{"start":{"line":1642,"column":10},"end":{"line":1645,"column":11}},"618":{"start":{"line":1644,"column":12},"end":{"line":1644,"column":35}},"619":{"start":{"line":1649,"column":23},"end":{"line":1690,"column":7}},"620":{"start":{"line":1651,"column":8},"end":{"line":1664,"column":9}},"621":{"start":{"line":1652,"column":22},"end":{"line":1652,"column":41}},"622":{"start":{"line":1653,"column":27},"end":{"line":1653,"column":66}},"623":{"start":{"line":1656,"column":10},"end":{"line":1663,"column":11}},"624":{"start":{"line":1657,"column":12},"end":{"line":1659,"column":13}},"625":{"start":{"line":1658,"column":14},"end":{"line":1658,"column":37}},"626":{"start":{"line":1660,"column":12},"end":{"line":1660,"column":36}},"627":{"start":{"line":1661,"column":12},"end":{"line":1661,"column":42}},"628":{"start":{"line":1662,"column":12},"end":{"line":1662,"column":33}},"629":{"start":{"line":1666,"column":8},"end":{"line":1669,"column":9}},"630":{"start":{"line":1667,"column":10},"end":{"line":1667,"column":59}},"631":{"start":{"line":1668,"column":10},"end":{"line":1668,"column":29}},"632":{"start":{"line":1671,"column":8},"end":{"line":1689,"column":9}},"633":{"start":{"line":1672,"column":10},"end":{"line":1672,"column":29}},"634":{"start":{"line":1673,"column":28},"end":{"line":1673,"column":108}},"635":{"start":{"line":1676,"column":10},"end":{"line":1682,"column":11}},"636":{"start":{"line":1678,"column":12},"end":{"line":1680,"column":13}},"637":{"start":{"line":1679,"column":14},"end":{"line":1679,"column":48}},"638":{"start":{"line":1681,"column":12},"end":{"line":1681,"column":66}},"639":{"start":{"line":1683,"column":15},"end":{"line":1689,"column":9}},"640":{"start":{"line":1685,"column":10},"end":{"line":1688,"column":11}},"641":{"start":{"line":1686,"column":12},"end":{"line":1686,"column":39}},"642":{"start":{"line":1687,"column":12},"end":{"line":1687,"column":31}},"643":{"start":{"line":1692,"column":24},"end":{"line":1697,"column":7}},"644":{"start":{"line":1693,"column":8},"end":{"line":1696,"column":9}},"645":{"start":{"line":1694,"column":10},"end":{"line":1694,"column":35}},"646":{"start":{"line":1695,"column":10},"end":{"line":1695,"column":41}},"647":{"start":{"line":1699,"column":27},"end":{"line":1741,"column":7}},"648":{"start":{"line":1701,"column":8},"end":{"line":1740,"column":9}},"649":{"start":{"line":1703,"column":10},"end":{"line":1705,"column":11}},"650":{"start":{"line":1704,"column":12},"end":{"line":1704,"column":39}},"651":{"start":{"line":1707,"column":10},"end":{"line":1707,"column":36}},"652":{"start":{"line":1709,"column":29},"end":{"line":1709,"column":88}},"653":{"start":{"line":1710,"column":24},"end":{"line":1710,"column":89}},"654":{"start":{"line":1712,"column":23},"end":{"line":1712,"column":29}},"655":{"start":{"line":1713,"column":10},"end":{"line":1726,"column":11}},"656":{"start":{"line":1714,"column":12},"end":{"line":1718,"column":13}},"657":{"start":{"line":1715,"column":14},"end":{"line":1715,"column":103}},"658":{"start":{"line":1717,"column":14},"end":{"line":1717,"column":82}},"659":{"start":{"line":1720,"column":28},"end":{"line":1720,"column":108}},"660":{"start":{"line":1721,"column":12},"end":{"line":1725,"column":13}},"661":{"start":{"line":1722,"column":14},"end":{"line":1722,"column":102}},"662":{"start":{"line":1724,"column":14},"end":{"line":1724,"column":82}},"663":{"start":{"line":1728,"column":10},"end":{"line":1735,"column":11}},"664":{"start":{"line":1731,"column":12},"end":{"line":1733,"column":13}},"665":{"start":{"line":1732,"column":14},"end":{"line":1732,"column":60}},"666":{"start":{"line":1734,"column":12},"end":{"line":1734,"column":45}},"667":{"start":{"line":1739,"column":10},"end":{"line":1739,"column":29}},"668":{"start":{"line":1743,"column":24},"end":{"line":1749,"column":7}},"669":{"start":{"line":1745,"column":8},"end":{"line":1748,"column":9}},"670":{"start":{"line":1746,"column":10},"end":{"line":1746,"column":48}},"671":{"start":{"line":1747,"column":10},"end":{"line":1747,"column":29}},"672":{"start":{"line":1752,"column":28},"end":{"line":1752,"column":581}},"673":{"start":{"line":1755,"column":6},"end":{"line":1757,"column":7}},"674":{"start":{"line":1756,"column":8},"end":{"line":1756,"column":36}},"675":{"start":{"line":1770,"column":6},"end":{"line":1772,"column":7}},"676":{"start":{"line":1771,"column":8},"end":{"line":1771,"column":15}},"677":{"start":{"line":1774,"column":18},"end":{"line":1774,"column":34}},"678":{"start":{"line":1775,"column":24},"end":{"line":1775,"column":61}},"679":{"start":{"line":1776,"column":23},"end":{"line":1776,"column":59}},"680":{"start":{"line":1780,"column":6},"end":{"line":1813,"column":7}},"681":{"start":{"line":1781,"column":32},"end":{"line":1781,"column":100}},"682":{"start":{"line":1782,"column":8},"end":{"line":1798,"column":9}},"683":{"start":{"line":1784,"column":10},"end":{"line":1787,"column":11}},"684":{"start":{"line":1785,"column":31},"end":{"line":1785,"column":77}},"685":{"start":{"line":1786,"column":12},"end":{"line":1786,"column":61}},"686":{"start":{"line":1789,"column":10},"end":{"line":1795,"column":11}},"687":{"start":{"line":1790,"column":12},"end":{"line":1792,"column":13}},"688":{"start":{"line":1791,"column":14},"end":{"line":1791,"column":34}},"689":{"start":{"line":1793,"column":17},"end":{"line":1795,"column":11}},"690":{"start":{"line":1794,"column":12},"end":{"line":1794,"column":32}},"691":{"start":{"line":1796,"column":15},"end":{"line":1798,"column":9}},"692":{"start":{"line":1797,"column":10},"end":{"line":1797,"column":30}},"693":{"start":{"line":1800,"column":22},"end":{"line":1800,"column":24}},"694":{"start":{"line":1801,"column":24},"end":{"line":1801,"column":25}},"695":{"start":{"line":1804,"column":8},"end":{"line":1812,"column":9}},"696":{"start":{"line":1806,"column":10},"end":{"line":1809,"column":11}},"697":{"start":{"line":1807,"column":12},"end":{"line":1807,"column":37}},"698":{"start":{"line":1808,"column":12},"end":{"line":1808,"column":69}},"699":{"start":{"line":1810,"column":15},"end":{"line":1812,"column":9}},"700":{"start":{"line":1811,"column":10},"end":{"line":1811,"column":47}},"701":{"start":{"line":1815,"column":6},"end":{"line":1815,"column":49}},"702":{"start":{"line":1827,"column":6},"end":{"line":1829,"column":7}},"703":{"start":{"line":1828,"column":8},"end":{"line":1828,"column":30}},"704":{"start":{"line":1841,"column":6},"end":{"line":1843,"column":7}},"705":{"start":{"line":1842,"column":8},"end":{"line":1842,"column":28}},"706":{"start":{"line":1856,"column":19},"end":{"line":1856,"column":50}},"707":{"start":{"line":1857,"column":30},"end":{"line":1857,"column":98}},"708":{"start":{"line":1860,"column":6},"end":{"line":1877,"column":7}},"709":{"start":{"line":1862,"column":8},"end":{"line":1874,"column":9}},"710":{"start":{"line":1863,"column":10},"end":{"line":1873,"column":11}},"711":{"start":{"line":1865,"column":12},"end":{"line":1867,"column":13}},"712":{"start":{"line":1866,"column":14},"end":{"line":1866,"column":33}},"713":{"start":{"line":1869,"column":12},"end":{"line":1872,"column":13}},"714":{"start":{"line":1871,"column":14},"end":{"line":1871,"column":38}},"715":{"start":{"line":1876,"column":8},"end":{"line":1876,"column":28}},"716":{"start":{"line":1879,"column":6},"end":{"line":1879,"column":25}},"717":{"start":{"line":1892,"column":19},"end":{"line":1892,"column":27}},"718":{"start":{"line":1893,"column":6},"end":{"line":1907,"column":7}},"719":{"start":{"line":1894,"column":26},"end":{"line":1894,"column":32}},"720":{"start":{"line":1895,"column":26},"end":{"line":1895,"column":63}},"721":{"start":{"line":1896,"column":26},"end":{"line":1896,"column":36}},"722":{"start":{"line":1898,"column":8},"end":{"line":1904,"column":9}},"723":{"start":{"line":1899,"column":10},"end":{"line":1899,"column":61}},"724":{"start":{"line":1900,"column":15},"end":{"line":1904,"column":9}},"725":{"start":{"line":1901,"column":10},"end":{"line":1901,"column":72}},"726":{"start":{"line":1902,"column":15},"end":{"line":1904,"column":9}},"727":{"start":{"line":1903,"column":10},"end":{"line":1903,"column":61}},"728":{"start":{"line":1906,"column":8},"end":{"line":1906,"column":27}},"729":{"start":{"line":1920,"column":19},"end":{"line":1920,"column":27}},"730":{"start":{"line":1921,"column":30},"end":{"line":1921,"column":98}},"731":{"start":{"line":1922,"column":24},"end":{"line":1922,"column":61}},"732":{"start":{"line":1925,"column":6},"end":{"line":1964,"column":7}},"733":{"start":{"line":1927,"column":8},"end":{"line":1929,"column":9}},"734":{"start":{"line":1928,"column":10},"end":{"line":1928,"column":56}},"735":{"start":{"line":1931,"column":8},"end":{"line":1946,"column":9}},"736":{"start":{"line":1932,"column":10},"end":{"line":1943,"column":11}},"737":{"start":{"line":1933,"column":12},"end":{"line":1935,"column":13}},"738":{"start":{"line":1934,"column":14},"end":{"line":1934,"column":33}},"739":{"start":{"line":1937,"column":12},"end":{"line":1942,"column":13}},"740":{"start":{"line":1938,"column":14},"end":{"line":1938,"column":38}},"741":{"start":{"line":1940,"column":14},"end":{"line":1940,"column":34}},"742":{"start":{"line":1941,"column":14},"end":{"line":1941,"column":42}},"743":{"start":{"line":1944,"column":15},"end":{"line":1946,"column":9}},"744":{"start":{"line":1945,"column":10},"end":{"line":1945,"column":34}},"745":{"start":{"line":1948,"column":34},"end":{"line":1950,"column":10}},"746":{"start":{"line":1949,"column":10},"end":{"line":1949,"column":34}},"747":{"start":{"line":1953,"column":8},"end":{"line":1955,"column":9}},"748":{"start":{"line":1954,"column":10},"end":{"line":1954,"column":32}},"749":{"start":{"line":1958,"column":8},"end":{"line":1958,"column":80}},"750":{"start":{"line":1961,"column":8},"end":{"line":1963,"column":9}},"751":{"start":{"line":1962,"column":10},"end":{"line":1962,"column":30}},"752":{"start":{"line":1978,"column":6},"end":{"line":1980,"column":7}},"753":{"start":{"line":1979,"column":8},"end":{"line":1979,"column":82}},"754":{"start":{"line":1979,"column":50},"end":{"line":1979,"column":82}},"755":{"start":{"line":1994,"column":6},"end":{"line":1996,"column":7}},"756":{"start":{"line":1995,"column":8},"end":{"line":1995,"column":27}},"757":{"start":{"line":2009,"column":20},"end":{"line":2009,"column":24}},"758":{"start":{"line":2011,"column":19},"end":{"line":2011,"column":27}},"759":{"start":{"line":2013,"column":6},"end":{"line":2044,"column":7}},"760":{"start":{"line":2014,"column":32},"end":{"line":2014,"column":100}},"761":{"start":{"line":2015,"column":27},"end":{"line":2041,"column":9}},"762":{"start":{"line":2017,"column":12},"end":{"line":2019,"column":13}},"763":{"start":{"line":2018,"column":14},"end":{"line":2018,"column":89}},"764":{"start":{"line":2022,"column":12},"end":{"line":2022,"column":87}},"765":{"start":{"line":2023,"column":12},"end":{"line":2028,"column":13}},"766":{"start":{"line":2025,"column":14},"end":{"line":2027,"column":15}},"767":{"start":{"line":2026,"column":16},"end":{"line":2026,"column":39}},"768":{"start":{"line":2031,"column":12},"end":{"line":2039,"column":13}},"769":{"start":{"line":2034,"column":14},"end":{"line":2034,"column":89}},"770":{"start":{"line":2036,"column":14},"end":{"line":2038,"column":15}},"771":{"start":{"line":2037,"column":16},"end":{"line":2037,"column":43}},"772":{"start":{"line":2043,"column":8},"end":{"line":2043,"column":48}},"773":{"start":{"line":2057,"column":20},"end":{"line":2057,"column":24}},"774":{"start":{"line":2059,"column":19},"end":{"line":2059,"column":27}},"775":{"start":{"line":2061,"column":6},"end":{"line":2112,"column":7}},"776":{"start":{"line":2062,"column":26},"end":{"line":2062,"column":63}},"777":{"start":{"line":2063,"column":32},"end":{"line":2063,"column":100}},"778":{"start":{"line":2064,"column":34},"end":{"line":2066,"column":10}},"779":{"start":{"line":2065,"column":10},"end":{"line":2065,"column":34}},"780":{"start":{"line":2067,"column":26},"end":{"line":2109,"column":9}},"781":{"start":{"line":2069,"column":12},"end":{"line":2080,"column":13}},"782":{"start":{"line":2071,"column":14},"end":{"line":2071,"column":92}},"783":{"start":{"line":2073,"column":14},"end":{"line":2075,"column":15}},"784":{"start":{"line":2074,"column":16},"end":{"line":2074,"column":41}},"785":{"start":{"line":2077,"column":14},"end":{"line":2079,"column":15}},"786":{"start":{"line":2078,"column":16},"end":{"line":2078,"column":39}},"787":{"start":{"line":2083,"column":12},"end":{"line":2083,"column":90}},"788":{"start":{"line":2084,"column":12},"end":{"line":2089,"column":13}},"789":{"start":{"line":2086,"column":14},"end":{"line":2088,"column":15}},"790":{"start":{"line":2087,"column":16},"end":{"line":2087,"column":39}},"791":{"start":{"line":2090,"column":12},"end":{"line":2093,"column":13}},"792":{"start":{"line":2092,"column":14},"end":{"line":2092,"column":37}},"793":{"start":{"line":2096,"column":12},"end":{"line":2107,"column":13}},"794":{"start":{"line":2098,"column":14},"end":{"line":2098,"column":92}},"795":{"start":{"line":2100,"column":14},"end":{"line":2102,"column":15}},"796":{"start":{"line":2101,"column":16},"end":{"line":2101,"column":39}},"797":{"start":{"line":2104,"column":14},"end":{"line":2106,"column":15}},"798":{"start":{"line":2105,"column":16},"end":{"line":2105,"column":41}},"799":{"start":{"line":2111,"column":8},"end":{"line":2111,"column":47}},"800":{"start":{"line":2125,"column":6},"end":{"line":2127,"column":7}},"801":{"start":{"line":2126,"column":8},"end":{"line":2126,"column":21}},"802":{"start":{"line":2129,"column":18},"end":{"line":2129,"column":41}},"803":{"start":{"line":2130,"column":23},"end":{"line":2130,"column":52}},"804":{"start":{"line":2131,"column":6},"end":{"line":2131,"column":36}},"805":{"start":{"line":2145,"column":20},"end":{"line":2145,"column":24}},"806":{"start":{"line":2147,"column":6},"end":{"line":2149,"column":7}},"807":{"start":{"line":2148,"column":8},"end":{"line":2148,"column":15}},"808":{"start":{"line":2151,"column":27},"end":{"line":2151,"column":55}},"809":{"start":{"line":2152,"column":25},"end":{"line":2152,"column":44}},"810":{"start":{"line":2154,"column":22},"end":{"line":2154,"column":53}},"811":{"start":{"line":2156,"column":31},"end":{"line":2156,"column":73}},"812":{"start":{"line":2158,"column":21},"end":{"line":2158,"column":114}},"813":{"start":{"line":2160,"column":26},"end":{"line":2190,"column":7}},"814":{"start":{"line":2161,"column":23},"end":{"line":2161,"column":24}},"815":{"start":{"line":2162,"column":34},"end":{"line":2162,"column":62}},"816":{"start":{"line":2163,"column":32},"end":{"line":2163,"column":37}},"817":{"start":{"line":2164,"column":21},"end":{"line":2164,"column":27}},"818":{"start":{"line":2165,"column":23},"end":{"line":2165,"column":29}},"819":{"start":{"line":2167,"column":8},"end":{"line":2183,"column":9}},"820":{"start":{"line":2168,"column":10},"end":{"line":2168,"column":63}},"821":{"start":{"line":2169,"column":10},"end":{"line":2169,"column":45}},"822":{"start":{"line":2171,"column":10},"end":{"line":2171,"column":72}},"823":{"start":{"line":2172,"column":10},"end":{"line":2174,"column":11}},"824":{"start":{"line":2173,"column":12},"end":{"line":2173,"column":37}},"825":{"start":{"line":2176,"column":10},"end":{"line":2176,"column":63}},"826":{"start":{"line":2177,"column":10},"end":{"line":2177,"column":45}},"827":{"start":{"line":2179,"column":10},"end":{"line":2179,"column":72}},"828":{"start":{"line":2180,"column":10},"end":{"line":2182,"column":11}},"829":{"start":{"line":2181,"column":12},"end":{"line":2181,"column":37}},"830":{"start":{"line":2185,"column":8},"end":{"line":2189,"column":9}},"831":{"start":{"line":2186,"column":10},"end":{"line":2188,"column":13}},"832":{"start":{"line":2187,"column":12},"end":{"line":2187,"column":53}},"833":{"start":{"line":2192,"column":6},"end":{"line":2194,"column":9}},"834":{"start":{"line":2193,"column":8},"end":{"line":2193,"column":49}},"835":{"start":{"line":2207,"column":20},"end":{"line":2207,"column":24}},"836":{"start":{"line":2209,"column":15},"end":{"line":2209,"column":87}},"837":{"start":{"line":2212,"column":20},"end":{"line":2212,"column":90}},"838":{"start":{"line":2213,"column":21},"end":{"line":2213,"column":23}},"839":{"start":{"line":2215,"column":6},"end":{"line":2246,"column":7}},"840":{"start":{"line":2216,"column":33},"end":{"line":2216,"column":122}},"841":{"start":{"line":2219,"column":8},"end":{"line":2222,"column":11}},"842":{"start":{"line":2220,"column":10},"end":{"line":2220,"column":78}},"843":{"start":{"line":2221,"column":10},"end":{"line":2221,"column":56}},"844":{"start":{"line":2224,"column":8},"end":{"line":2239,"column":9}},"845":{"start":{"line":2225,"column":10},"end":{"line":2225,"column":61}},"846":{"start":{"line":2228,"column":10},"end":{"line":2234,"column":11}},"847":{"start":{"line":2230,"column":12},"end":{"line":2230,"column":55}},"848":{"start":{"line":2233,"column":12},"end":{"line":2233,"column":51}},"849":{"start":{"line":2236,"column":10},"end":{"line":2238,"column":11}},"850":{"start":{"line":2237,"column":12},"end":{"line":2237,"column":34}},"851":{"start":{"line":2242,"column":8},"end":{"line":2242,"column":72}},"852":{"start":{"line":2243,"column":8},"end":{"line":2243,"column":55}},"853":{"start":{"line":2244,"column":8},"end":{"line":2244,"column":79}},"854":{"start":{"line":2245,"column":8},"end":{"line":2245,"column":70}},"855":{"start":{"line":2263,"column":18},"end":{"line":2263,"column":90}},"856":{"start":{"line":2264,"column":21},"end":{"line":2264,"column":91}},"857":{"start":{"line":2265,"column":20},"end":{"line":2265,"column":90}},"858":{"start":{"line":2266,"column":29},"end":{"line":2266,"column":101}},"859":{"start":{"line":2267,"column":20},"end":{"line":2267,"column":92}},"860":{"start":{"line":2269,"column":24},"end":{"line":2269,"column":82}},"861":{"start":{"line":2270,"column":26},"end":{"line":2270,"column":33}},"862":{"start":{"line":2271,"column":18},"end":{"line":2271,"column":39}},"863":{"start":{"line":2272,"column":24},"end":{"line":2272,"column":44}},"864":{"start":{"line":2273,"column":27},"end":{"line":2273,"column":55}},"865":{"start":{"line":2276,"column":18},"end":{"line":2276,"column":72}},"866":{"start":{"line":2279,"column":15},"end":{"line":2279,"column":43}},"867":{"start":{"line":2282,"column":6},"end":{"line":2284,"column":7}},"868":{"start":{"line":2283,"column":8},"end":{"line":2283,"column":72}},"869":{"start":{"line":2287,"column":6},"end":{"line":2289,"column":7}},"870":{"start":{"line":2288,"column":8},"end":{"line":2288,"column":58}},"871":{"start":{"line":2291,"column":6},"end":{"line":2291,"column":137}},"872":{"start":{"line":2293,"column":6},"end":{"line":2295,"column":7}},"873":{"start":{"line":2294,"column":8},"end":{"line":2294,"column":35}},"874":{"start":{"line":2298,"column":6},"end":{"line":2313,"column":7}},"875":{"start":{"line":2299,"column":8},"end":{"line":2305,"column":11}},"876":{"start":{"line":2307,"column":8},"end":{"line":2312,"column":11}},"877":{"start":{"line":2315,"column":6},"end":{"line":2315,"column":18}},"878":{"start":{"line":2328,"column":6},"end":{"line":2330,"column":7}},"879":{"start":{"line":2329,"column":8},"end":{"line":2329,"column":20}},"880":{"start":{"line":2332,"column":15},"end":{"line":2332,"column":22}},"881":{"start":{"line":2333,"column":18},"end":{"line":2333,"column":28}},"882":{"start":{"line":2334,"column":18},"end":{"line":2334,"column":28}},"883":{"start":{"line":2335,"column":21},"end":{"line":2335,"column":34}},"884":{"start":{"line":2336,"column":20},"end":{"line":2336,"column":32}},"885":{"start":{"line":2337,"column":18},"end":{"line":2337,"column":72}},"886":{"start":{"line":2339,"column":6},"end":{"line":2339,"column":66}},"887":{"start":{"line":2341,"column":6},"end":{"line":2354,"column":7}},"888":{"start":{"line":2342,"column":8},"end":{"line":2347,"column":11}},"889":{"start":{"line":2349,"column":8},"end":{"line":2353,"column":11}},"890":{"start":{"line":2356,"column":6},"end":{"line":2356,"column":18}},"891":{"start":{"line":2374,"column":18},"end":{"line":2374,"column":90}},"892":{"start":{"line":2375,"column":23},"end":{"line":2375,"column":96}},"893":{"start":{"line":2376,"column":23},"end":{"line":2376,"column":96}},"894":{"start":{"line":2377,"column":20},"end":{"line":2377,"column":90}},"895":{"start":{"line":2378,"column":29},"end":{"line":2378,"column":101}},"896":{"start":{"line":2379,"column":20},"end":{"line":2379,"column":92}},"897":{"start":{"line":2381,"column":6},"end":{"line":2383,"column":7}},"898":{"start":{"line":2382,"column":8},"end":{"line":2382,"column":15}},"899":{"start":{"line":2386,"column":20},"end":{"line":2386,"column":43}},"900":{"start":{"line":2387,"column":24},"end":{"line":2387,"column":38}},"901":{"start":{"line":2388,"column":21},"end":{"line":2388,"column":53}},"902":{"start":{"line":2389,"column":28},"end":{"line":2389,"column":88}},"903":{"start":{"line":2391,"column":6},"end":{"line":2391,"column":146}},"904":{"start":{"line":2393,"column":6},"end":{"line":2395,"column":7}},"905":{"start":{"line":2394,"column":8},"end":{"line":2394,"column":90}},"906":{"start":{"line":2407,"column":6},"end":{"line":2407,"column":56}},"907":{"start":{"line":2423,"column":20},"end":{"line":2423,"column":24}},"908":{"start":{"line":2425,"column":21},"end":{"line":2425,"column":96}},"909":{"start":{"line":2426,"column":21},"end":{"line":2426,"column":96}},"910":{"start":{"line":2428,"column":25},"end":{"line":2428,"column":127}},"911":{"start":{"line":2429,"column":20},"end":{"line":2429,"column":78}},"912":{"start":{"line":2430,"column":23},"end":{"line":2430,"column":62}},"913":{"start":{"line":2432,"column":6},"end":{"line":2443,"column":7}},"914":{"start":{"line":2433,"column":8},"end":{"line":2433,"column":92}},"915":{"start":{"line":2435,"column":8},"end":{"line":2440,"column":11}},"916":{"start":{"line":2436,"column":30},"end":{"line":2436,"column":96}},"917":{"start":{"line":2437,"column":22},"end":{"line":2437,"column":96}},"918":{"start":{"line":2439,"column":10},"end":{"line":2439,"column":120}},"919":{"start":{"line":2442,"column":8},"end":{"line":2442,"column":98}},"920":{"start":{"line":2457,"column":6},"end":{"line":2459,"column":7}},"921":{"start":{"line":2458,"column":8},"end":{"line":2458,"column":20}},"922":{"start":{"line":2460,"column":22},"end":{"line":2460,"column":43}},"923":{"start":{"line":2462,"column":6},"end":{"line":2464,"column":7}},"924":{"start":{"line":2463,"column":8},"end":{"line":2463,"column":41}},"925":{"start":{"line":2466,"column":6},"end":{"line":2466,"column":56}},"926":{"start":{"line":2478,"column":20},"end":{"line":2478,"column":24}},"927":{"start":{"line":2480,"column":26},"end":{"line":2480,"column":48}},"928":{"start":{"line":2481,"column":22},"end":{"line":2546,"column":7}},"929":{"start":{"line":2483,"column":10},"end":{"line":2483,"column":543}},"930":{"start":{"line":2486,"column":10},"end":{"line":2486,"column":119}},"931":{"start":{"line":2491,"column":29},"end":{"line":2491,"column":275}},"932":{"start":{"line":2493,"column":10},"end":{"line":2493,"column":103}},"933":{"start":{"line":2496,"column":10},"end":{"line":2496,"column":155}},"934":{"start":{"line":2501,"column":29},"end":{"line":2501,"column":270}},"935":{"start":{"line":2503,"column":10},"end":{"line":2509,"column":11}},"936":{"start":{"line":2506,"column":12},"end":{"line":2506,"column":266}},"937":{"start":{"line":2508,"column":12},"end":{"line":2508,"column":747}},"938":{"start":{"line":2511,"column":10},"end":{"line":2511,"column":413}},"939":{"start":{"line":2514,"column":10},"end":{"line":2514,"column":287}},"940":{"start":{"line":2517,"column":29},"end":{"line":2517,"column":139}},"941":{"start":{"line":2519,"column":10},"end":{"line":2519,"column":429}},"942":{"start":{"line":2524,"column":29},"end":{"line":2524,"column":286}},"943":{"start":{"line":2526,"column":10},"end":{"line":2526,"column":582}},"944":{"start":{"line":2529,"column":29},"end":{"line":2529,"column":102}},"945":{"start":{"line":2531,"column":10},"end":{"line":2531,"column":315}},"946":{"start":{"line":2534,"column":29},"end":{"line":2534,"column":102}},"947":{"start":{"line":2536,"column":10},"end":{"line":2536,"column":177}},"948":{"start":{"line":2539,"column":29},"end":{"line":2539,"column":100}},"949":{"start":{"line":2541,"column":10},"end":{"line":2541,"column":142}},"950":{"start":{"line":2544,"column":10},"end":{"line":2544,"column":134}},"951":{"start":{"line":2549,"column":29},"end":{"line":2549,"column":66}},"952":{"start":{"line":2550,"column":26},"end":{"line":2550,"column":28}},"953":{"start":{"line":2551,"column":6},"end":{"line":2553,"column":7}},"954":{"start":{"line":2552,"column":8},"end":{"line":2552,"column":68}},"955":{"start":{"line":2555,"column":6},"end":{"line":2555,"column":75}},"956":{"start":{"line":2567,"column":20},"end":{"line":2567,"column":24}},"957":{"start":{"line":2569,"column":22},"end":{"line":2569,"column":69}},"958":{"start":{"line":2570,"column":27},"end":{"line":2570,"column":73}},"959":{"start":{"line":2571,"column":27},"end":{"line":2571,"column":62}},"960":{"start":{"line":2572,"column":21},"end":{"line":2572,"column":50}},"961":{"start":{"line":2573,"column":23},"end":{"line":2573,"column":54}},"962":{"start":{"line":2574,"column":18},"end":{"line":2574,"column":44}},"963":{"start":{"line":2575,"column":21},"end":{"line":2575,"column":50}},"964":{"start":{"line":2576,"column":24},"end":{"line":2576,"column":136}},"965":{"start":{"line":2578,"column":6},"end":{"line":2578,"column":43}},"966":{"start":{"line":2579,"column":6},"end":{"line":2579,"column":43}},"967":{"start":{"line":2580,"column":6},"end":{"line":2580,"column":25}},"968":{"start":{"line":2581,"column":6},"end":{"line":2581,"column":35}},"969":{"start":{"line":2582,"column":6},"end":{"line":2582,"column":31}},"970":{"start":{"line":2583,"column":6},"end":{"line":2583,"column":31}},"971":{"start":{"line":2586,"column":6},"end":{"line":2586,"column":105}},"972":{"start":{"line":2589,"column":6},"end":{"line":2589,"column":41}},"973":{"start":{"line":2592,"column":22},"end":{"line":2592,"column":62}},"974":{"start":{"line":2594,"column":6},"end":{"line":2596,"column":7}},"975":{"start":{"line":2595,"column":8},"end":{"line":2595,"column":77}},"976":{"start":{"line":2598,"column":6},"end":{"line":2598,"column":64}},"977":{"start":{"line":2599,"column":6},"end":{"line":2599,"column":61}},"978":{"start":{"line":2600,"column":6},"end":{"line":2600,"column":63}},"979":{"start":{"line":2603,"column":6},"end":{"line":2603,"column":59}},"980":{"start":{"line":2606,"column":6},"end":{"line":2606,"column":55}},"981":{"start":{"line":2609,"column":6},"end":{"line":2614,"column":7}},"982":{"start":{"line":2610,"column":8},"end":{"line":2610,"column":40}},"983":{"start":{"line":2611,"column":8},"end":{"line":2613,"column":9}},"984":{"start":{"line":2612,"column":10},"end":{"line":2612,"column":65}},"985":{"start":{"line":2616,"column":6},"end":{"line":2618,"column":7}},"986":{"start":{"line":2617,"column":8},"end":{"line":2617,"column":23}},"987":{"start":{"line":2620,"column":6},"end":{"line":2620,"column":49}},"988":{"start":{"line":2621,"column":6},"end":{"line":2621,"column":43}},"989":{"start":{"line":2622,"column":6},"end":{"line":2622,"column":43}},"990":{"start":{"line":2624,"column":6},"end":{"line":2626,"column":7}},"991":{"start":{"line":2625,"column":8},"end":{"line":2625,"column":41}},"992":{"start":{"line":2628,"column":6},"end":{"line":2632,"column":7}},"993":{"start":{"line":2629,"column":8},"end":{"line":2629,"column":42}},"994":{"start":{"line":2630,"column":13},"end":{"line":2632,"column":7}},"995":{"start":{"line":2631,"column":8},"end":{"line":2631,"column":58}},"996":{"start":{"line":2634,"column":6},"end":{"line":2699,"column":7}},"997":{"start":{"line":2635,"column":27},"end":{"line":2635,"column":90}},"998":{"start":{"line":2637,"column":8},"end":{"line":2637,"column":35}},"999":{"start":{"line":2638,"column":8},"end":{"line":2638,"column":33}},"1000":{"start":{"line":2640,"column":8},"end":{"line":2685,"column":9}},"1001":{"start":{"line":2641,"column":10},"end":{"line":2643,"column":13}},"1002":{"start":{"line":2642,"column":12},"end":{"line":2642,"column":55}},"1003":{"start":{"line":2645,"column":30},"end":{"line":2645,"column":68}},"1004":{"start":{"line":2646,"column":23},"end":{"line":2646,"column":45}},"1005":{"start":{"line":2647,"column":27},"end":{"line":2647,"column":45}},"1006":{"start":{"line":2650,"column":10},"end":{"line":2657,"column":13}},"1007":{"start":{"line":2651,"column":12},"end":{"line":2656,"column":15}},"1008":{"start":{"line":2660,"column":10},"end":{"line":2662,"column":11}},"1009":{"start":{"line":2661,"column":12},"end":{"line":2661,"column":36}},"1010":{"start":{"line":2665,"column":34},"end":{"line":2667,"column":12}},"1011":{"start":{"line":2666,"column":12},"end":{"line":2666,"column":35}},"1012":{"start":{"line":2670,"column":10},"end":{"line":2684,"column":13}},"1013":{"start":{"line":2672,"column":12},"end":{"line":2683,"column":13}},"1014":{"start":{"line":2673,"column":14},"end":{"line":2680,"column":15}},"1015":{"start":{"line":2676,"column":16},"end":{"line":2676,"column":133}},"1016":{"start":{"line":2679,"column":16},"end":{"line":2679,"column":112}},"1017":{"start":{"line":2682,"column":14},"end":{"line":2682,"column":131}},"1018":{"start":{"line":2686,"column":13},"end":{"line":2699,"column":7}},"1019":{"start":{"line":2688,"column":8},"end":{"line":2698,"column":11}},"1020":{"start":{"line":2689,"column":25},"end":{"line":2689,"column":50}},"1021":{"start":{"line":2690,"column":10},"end":{"line":2697,"column":11}},"1022":{"start":{"line":2691,"column":12},"end":{"line":2693,"column":13}},"1023":{"start":{"line":2692,"column":14},"end":{"line":2692,"column":21}},"1024":{"start":{"line":2694,"column":12},"end":{"line":2694,"column":96}},"1025":{"start":{"line":2695,"column":17},"end":{"line":2697,"column":11}},"1026":{"start":{"line":2696,"column":12},"end":{"line":2696,"column":35}},"1027":{"start":{"line":2706,"column":2},"end":{"line":2706,"column":17}},"1028":{"start":{"line":2709,"column":0},"end":{"line":2709,"column":25}}},"fnMap":{"0":{"name":"(anonymous_0)","decl":{"start":{"line":3,"column":19},"end":{"line":3,"column":20}},"loc":{"start":{"line":3,"column":31},"end":{"line":3,"column":561}},"line":3},"1":{"name":"defineProperties","decl":{"start":{"line":3,"column":42},"end":{"line":3,"column":58}},"loc":{"start":{"line":3,"column":74},"end":{"line":3,"column":349}},"line":3},"2":{"name":"(anonymous_2)","decl":{"start":{"line":3,"column":357},"end":{"line":3,"column":358}},"loc":{"start":{"line":3,"column":405},"end":{"line":3,"column":558}},"line":3},"3":{"name":"_interopRequireDefault","decl":{"start":{"line":23,"column":9},"end":{"line":23,"column":31}},"loc":{"start":{"line":23,"column":37},"end":{"line":23,"column":95}},"line":23},"4":{"name":"_defineProperty","decl":{"start":{"line":25,"column":9},"end":{"line":25,"column":24}},"loc":{"start":{"line":25,"column":42},"end":{"line":25,"column":209}},"line":25},"5":{"name":"_toConsumableArray","decl":{"start":{"line":27,"column":9},"end":{"line":27,"column":27}},"loc":{"start":{"line":27,"column":33},"end":{"line":27,"column":195}},"line":27},"6":{"name":"_classCallCheck","decl":{"start":{"line":29,"column":9},"end":{"line":29,"column":24}},"loc":{"start":{"line":29,"column":48},"end":{"line":29,"column":153}},"line":29},"7":{"name":"(anonymous_7)","decl":{"start":{"line":34,"column":14},"end":{"line":34,"column":15}},"loc":{"start":{"line":34,"column":26},"end":{"line":2707,"column":1}},"line":34},"8":{"name":"Choices","decl":{"start":{"line":35,"column":11},"end":{"line":35,"column":18}},"loc":{"start":{"line":35,"column":21},"end":{"line":226,"column":3}},"line":35},"9":{"name":"addItemText","decl":{"start":{"line":86,"column":28},"end":{"line":86,"column":39}},"loc":{"start":{"line":86,"column":47},"end":{"line":88,"column":7}},"line":86},"10":{"name":"maxItemText","decl":{"start":{"line":89,"column":28},"end":{"line":89,"column":39}},"loc":{"start":{"line":89,"column":54},"end":{"line":91,"column":7}},"line":89},"11":{"name":"init","decl":{"start":{"line":241,"column":20},"end":{"line":241,"column":24}},"loc":{"start":{"line":241,"column":27},"end":{"line":267,"column":5}},"line":241},"12":{"name":"destroy","decl":{"start":{"line":277,"column":20},"end":{"line":277,"column":27}},"loc":{"start":{"line":277,"column":30},"end":{"line":315,"column":5}},"line":277},"13":{"name":"renderGroups","decl":{"start":{"line":328,"column":20},"end":{"line":328,"column":32}},"loc":{"start":{"line":328,"column":60},"end":{"line":356,"column":5}},"line":328},"14":{"name":"(anonymous_14)","decl":{"start":{"line":339,"column":21},"end":{"line":339,"column":22}},"loc":{"start":{"line":339,"column":38},"end":{"line":353,"column":7}},"line":339},"15":{"name":"(anonymous_15)","decl":{"start":{"line":341,"column":42},"end":{"line":341,"column":43}},"loc":{"start":{"line":341,"column":60},"end":{"line":346,"column":9}},"line":341},"16":{"name":"renderChoices","decl":{"start":{"line":368,"column":20},"end":{"line":368,"column":33}},"loc":{"start":{"line":368,"column":53},"end":{"line":416,"column":5}},"line":368},"17":{"name":"appendChoice","decl":{"start":{"line":381,"column":34},"end":{"line":381,"column":46}},"loc":{"start":{"line":381,"column":55},"end":{"line":387,"column":7}},"line":381},"18":{"name":"(anonymous_18)","decl":{"start":{"line":392,"column":45},"end":{"line":392,"column":46}},"loc":{"start":{"line":392,"column":63},"end":{"line":394,"column":9}},"line":392},"19":{"name":"renderItems","decl":{"start":{"line":428,"column":20},"end":{"line":428,"column":31}},"loc":{"start":{"line":428,"column":39},"end":{"line":473,"column":5}},"line":428},"20":{"name":"(anonymous_20)","decl":{"start":{"line":452,"column":22},"end":{"line":452,"column":23}},"loc":{"start":{"line":452,"column":38},"end":{"line":457,"column":9}},"line":452},"21":{"name":"(anonymous_21)","decl":{"start":{"line":465,"column":20},"end":{"line":465,"column":21}},"loc":{"start":{"line":465,"column":36},"end":{"line":470,"column":7}},"line":465},"22":{"name":"render","decl":{"start":{"line":483,"column":20},"end":{"line":483,"column":26}},"loc":{"start":{"line":483,"column":29},"end":{"line":567,"column":5}},"line":483},"23":{"name":"highlightItem","decl":{"start":{"line":579,"column":20},"end":{"line":579,"column":33}},"loc":{"start":{"line":579,"column":40},"end":{"line":610,"column":5}},"line":579},"24":{"name":"unhighlightItem","decl":{"start":{"line":621,"column":20},"end":{"line":621,"column":35}},"loc":{"start":{"line":621,"column":42},"end":{"line":648,"column":5}},"line":621},"25":{"name":"highlightAll","decl":{"start":{"line":658,"column":20},"end":{"line":658,"column":32}},"loc":{"start":{"line":658,"column":35},"end":{"line":667,"column":5}},"line":658},"26":{"name":"(anonymous_26)","decl":{"start":{"line":662,"column":20},"end":{"line":662,"column":21}},"loc":{"start":{"line":662,"column":36},"end":{"line":664,"column":7}},"line":662},"27":{"name":"unhighlightAll","decl":{"start":{"line":677,"column":20},"end":{"line":677,"column":34}},"loc":{"start":{"line":677,"column":37},"end":{"line":686,"column":5}},"line":677},"28":{"name":"(anonymous_28)","decl":{"start":{"line":681
[...]
":374,"column":42},"end":{"line":374,"column":68}}],"line":374},"52":{"loc":{"start":{"line":376,"column":2},"end":{"line":376,"column":37}},"type":"if","locations":[{"start":{"line":376,"column":2},"end":{"line":376,"column":37}},{"start":{"line":376,"column":2},"end":{"line":376,"column":37}}],"line":376},"53":{"loc":{"start":{"line":376,"column":6},"end":{"line":376,"column":28}},"type":"binary-expr","locations":[{"start":{"line":376,"column":6},"end":{"line":376,"column":14}},{"start":{"line":376,"column":18},"end":{"line":376,"column":28}}],"line":376},"54":{"loc":{"start":{"line":382,"column":26},"end":{"line":382,"column":48}},"type":"cond-expr","locations":[{"start":{"line":382,"column":42},"end":{"line":382,"column":43}},{"start":{"line":382,"column":46},"end":{"line":382,"column":48}}],"line":382},"55":{"loc":{"start":{"line":393,"column":2},"end":{"line":399,"column":3}},"type":"if","locations":[{"start":{"line":393,"column":2},"end":{"line":399,"column":3}},{"start":{"line":393,"column":2},"end":{"line":399,"column":3}}],"line":393},"56":{"loc":{"start":{"line":395,"column":21},"end":{"line":395,"column":57}},"type":"binary-expr","locations":[{"start":{"line":395,"column":21},"end":{"line":395,"column":35}},{"start":{"line":395,"column":39},"end":{"line":395,"column":57}}],"line":395},"57":{"loc":{"start":{"line":395,"column":62},"end":{"line":395,"column":121}},"type":"binary-expr","locations":[{"start":{"line":395,"column":62},"end":{"line":395,"column":80}},{"start":{"line":395,"column":84},"end":{"line":395,"column":121}}],"line":395},"58":{"loc":{"start":{"line":398,"column":11},"end":{"line":398,"column":47}},"type":"binary-expr","locations":[{"start":{"line":398,"column":11},"end":{"line":398,"column":25}},{"start":{"line":398,"column":29},"end":{"line":398,"column":47}}],"line":398},"59":{"loc":{"start":{"line":410,"column":9},"end":{"line":410,"column":119}},"type":"cond-expr","locations":[{"start":{"line":410,"column":107},"end":{"line":410,"column":111}},{"start":{"line":410,"column":114},"end":{"line":410,"column":119}}],"line":410},"60":{"loc":{"start":{"line":421,"column":18},"end":{"line":421,"column":87}},"type":"cond-expr","locations":[{"start":{"line":421,"column":71},"end":{"line":421,"column":83}},{"start":{"line":421,"column":86},"end":{"line":421,"column":87}}],"line":421},"61":{"loc":{"start":{"line":421,"column":18},"end":{"line":421,"column":68}},"type":"binary-expr","locations":[{"start":{"line":421,"column":18},"end":{"line":421,"column":38}},{"start":{"line":421,"column":42},"end":{"line":421,"column":68}}],"line":421},"62":{"loc":{"start":{"line":423,"column":2},"end":{"line":423,"column":18}},"type":"if","locations":[{"start":{"line":423,"column":2},"end":{"line":423,"column":18}},{"start":{"line":423,"column":2},"end":{"line":423,"column":18}}],"line":423},"63":{"loc":{"start":{"line":427,"column":2},"end":{"line":433,"column":3}},"type":"if","locations":[{"start":{"line":427,"column":2},"end":{"line":433,"column":3}},{"start":{"line":427,"column":2},"end":{"line":433,"column":3}}],"line":427},"64":{"loc":{"start":{"line":446,"column":9},"end":{"line":446,"column":45}},"type":"binary-expr","locations":[{"start":{"line":446,"column":9},"end":{"line":446,"column":23}},{"start":{"line":446,"column":27},"end":{"line":446,"column":39}},{"start":{"line":446,"column":43},"end":{"line":446,"column":45}}],"line":446},"65":{"loc":{"start":{"line":503,"column":14},"end":{"line":503,"column":46}},"type":"binary-expr","locations":[{"start":{"line":503,"column":14},"end":{"line":503,"column":25}},{"start":{"line":503,"column":29},"end":{"line":503,"column":46}}],"line":503},"66":{"loc":{"start":{"line":506,"column":2},"end":{"line":522,"column":3}},"type":"if","locations":[{"start":{"line":506,"column":2},"end":{"line":522,"column":3}},{"start":{"line":506,"column":2},"end":{"line":522,"column":3}}],"line":506},"67":{"loc":{"start":{"line":517,"column":4},"end":{"line":519,"column":5}},"type":"if","locations":[{"start":{"line":517,"column":4},"end":{"line":519,"column":5}},{"start":{"line":517,"column":4},"end":{"line":519,"column":5}}],"line":517},"68":{"loc":{"start":{"line":517,"column":8},"end":{"line":517,"column":57}},"type":"binary-expr","locations":[{"start":{"line":517,"column":8},"end":{"line":517,"column":13}},{"start":{"line":517,"column":17},"end":{"line":517,"column":57}}],"line":517},"69":{"loc":{"start":{"line":536,"column":16},"end":{"line":536,"column":34}},"type":"binary-expr","locations":[{"start":{"line":536,"column":16},"end":{"line":536,"column":23}},{"start":{"line":536,"column":27},"end":{"line":536,"column":34}}],"line":536},"70":{"loc":{"start":{"line":537,"column":16},"end":{"line":537,"column":34}},"type":"binary-expr","locations":[{"start":{"line":537,"column":16},"end":{"line":537,"column":23}},{"start":{"line":537,"column":27},"end":{"line":537,"column":34}}],"line":537},"71":{"loc":{"start":{"line":539,"column":2},"end":{"line":539,"column":33}},"type":"if","locations":[{"start":{"line":539,"column":2},"end":{"line":539,"column":33}},{"start":{"line":539,"column":2},"end":{"line":539,"column":33}}],"line":539},"72":{"loc":{"start":{"line":540,"column":2},"end":{"line":540,"column":32}},"type":"if","locations":[{"start":{"line":540,"column":2},"end":{"line":540,"column":32}},{"start":{"line":540,"column":2},"end":{"line":540,"column":32}}],"line":540},"73":{"loc":{"start":{"line":564,"column":19},"end":{"line":564,"column":91}},"type":"cond-expr","locations":[{"start":{"line":564,"column":72},"end":{"line":564,"column":84}},{"start":{"line":564,"column":87},"end":{"line":564,"column":91}}],"line":564},"74":{"loc":{"start":{"line":564,"column":19},"end":{"line":564,"column":69}},"type":"binary-expr","locations":[{"start":{"line":564,"column":19},"end":{"line":564,"column":39}},{"start":{"line":564,"column":43},"end":{"line":564,"column":69}}],"line":564}},"s":{"0":1,"1":1,"2":58,"3":0,"4":1,"5":0,"6":0,"7":1,"8":29,"9":29,"10":116,"11":116,"12":29,"13":1,"14":29,"15":29,"16":29,"17":29,"18":1,"19":2584,"20":1,"21":2581,"22":2581,"23":1,"24":0,"25":1,"26":29,"27":1,"28":115,"29":115,"30":115,"31":172,"32":2200,"33":2200,"34":58,"35":2142,"36":115,"37":288,"38":288,"39":172,"40":115,"41":1,"42":0,"43":0,"44":0,"45":0,"46":0,"47":1,"48":0,"49":0,"50":0,"51":0,"52":0,"53":1,"54":0,"55":0,"56":0,"57":0,"58":0,"59":0,"60":0,"61":0,"62":0,"63":0,"64":0,"65":0,"66":0,"67":0,"68":0,"69":0,"70":0,"71":0,"72":0,"73":0,"74":0,"75":0,"76":0,"77":0,"78":0,"79":0,"80":0,"81":0,"82":0,"83":0,"84":0,"85":0,"86":1,"87":56,"88":56,"89":0,"90":56,"91":56,"92":1,"93":0,"94":0,"95":0,"96":0,"97":0,"98":0,"99":1,"100":0,"101":0,"102":1,"103":0,"104":0,"105":0,"106":0,"107":0,"108":0,"109":1,"110":0,"111":0,"112":0,"113":0,"114":0,"115":0,"116":0,"117":0,"118":0,"119":0,"120":0,"121":0,"122":1,"123":0,"124":0,"125":0,"126":0,"127":0,"128":0,"129":1,"130":0,"131":0,"132":0,"133":0,"134":0,"135":0,"136":1,"137":0,"138":0,"139":0,"140":0,"141":0,"142":0,"143":0,"144":0,"145":1,"146":0,"147":0,"148":0,"149":1,"150":0,"151":1,"152":0,"153":0,"154":0,"155":0,"156":0,"157":0,"158":0,"159":0,"160":1,"161":0,"162":0,"163":0,"164":1,"165":0,"166":0,"167":0,"168":0,"169":0,"170":0,"171":1,"172":116,"173":1,"174":1,"175":1,"176":190,"177":190,"178":190,"179":190,"180":190,"181":190,"182":190,"183":1,"184":6,"185":6,"186":6,"187":6,"188":6,"189":6,"190":6,"191":6,"192":6,"193":6,"194":6,"195":6,"196":0,"197":6,"198":6,"199":1,"200":26,"201":26,"202":26,"203":25,"204":1,"205":1,"206":0,"207":1,"208":0,"209":1,"210":12,"211":12,"212":0},"f":{"0":58,"1":0,"2":0,"3":0,"4":29,"5":29,"6":2584,"7":2581,"8":0,"9":29,"10":115,"11":172,"12":0,"13":0,"14":0,"15":56,"16":0,"17":0,"18":0,"19":0,"20":0,"21":0,"22":0,"23":0,"24":0,"25":0,"26":0,"27":0,"28":0,"29":0,"30":0,"31":116,"32":1,"33":190,"34":6,"35":26,"36":0,"37":12},"b":{"0":[1,0],"1":[1,1],"2":[0,0],"3":[0,0,0,0],"4":[29,29,0,29],"5":[2581,2523,2349],"6":[0,0],"7":[0,0],"8":[0,0,0,0],"9":[0,0],"10":[0,29],"11":[0,29],"12":[29,29,29,29,29],"13":[0,29],"14":[2200,0],"15":[58,2142],"16":[172,116],"17":[0,0],"18":[0,0],"19":[0,0],"20":[0,0],"21":[0,0],"22":[0,0],"23":[0,0],"24":[0,0],"25":[0,0],"26":[0,0],"27":[0,0],"28":[0,0],"29":[0,0],"30":[0,0],"31":[0,0],"32":[0,0],"33":[0,0],"34":[0,0],"35":[0,0],"36":[0,0],"37":[56,0],"38":[0,56],"39":[0,0],"40":[0,0],"41":[0,0],"42":[0,0],"43":[0,0],"44":[0,0],"45":[0,0],"46":[0,0],"47":[0,0],"48":[0,0],"49":[0,0],"50":[0,0],"51":[0,0],"52":[0,0],"53":[0,0],"54":[0,0],"55":[0,0],"56":[0,0],"57":[0,0],"58":[0,0],"59":[0,0],"60":[0,0],"61":[0,0],"62":[0,0],"63":[0,0],"64":[0,0,0],"65":[6,6],"66":[6,0],"67":[0,6],"68":[6,6],"69":[26,0],"70":[26,0],"71":[25,1],"72":[1,0],"73":[12,0],"74":[12,12]},"_coverageSchema":"332fd63041d2c1bcb487cc26dd0d5f7d97098a6c","hash":"5516dfcc6ab1d3ff8b82f76c2ff55a271bb7c2c9","contentHash":"50fd728b7ef8f099b48d2cdcd067682c_11.0.3"},"/Users/joshjohnson/Projects/Choices/src/scripts/src/lib/polyfills.js":{"path":"/Users/joshjohnson/Projects/Choices/src/scripts/src/lib/polyfills.js","statementMap":{"0":{"start":{"line":4,"column":0},"end":{"line":132,"column":5}},"1":{"start":{"line":7,"column":2},"end":{"line":90,"column":3}},"2":{"start":{"line":8,"column":4},"end":{"line":89,"column":8}},"3":{"start":{"line":9,"column":18},"end":{"line":9,"column":43}},"4":{"start":{"line":11,"column":23},"end":{"line":13,"column":7}},"5":{"start":{"line":12,"column":8},"end":{"line":12,"column":82}},"6":{"start":{"line":15,"column":22},"end":{"line":24,"column":7}},"7":{"start":{"line":16,"column":21},"end":{"line":16,"column":34}},"8":{"start":{"line":17,"column":8},"end":{"line":19,"column":9}},"9":{"start":{"line":18,"column":10},"end":{"line":18,"column":19}},"10":{"start":{"line":20,"column":8},"end":{"line":22,"column":9}},"11":{"start":{"line":21,"column":10},"end":{"line":21,"column":24}},"12":{"start":{"line":23,"column":8},"end":{"line":23,"column":68}},"13":{"start":{"line":26,"column":27},"end":{"line":26,"column":46}},"14":{"start":{"line":28,"column":21},"end":{"line":31,"column":7}},"15":{"start":{"line":29,"column":18},"end":{"line":29,"column":34}},"16":{"start":{"line":30,"column":8},"end":{"line":30,"column":58}},"17":{"start":{"line":34,"column":6},"end":{"line":88,"column":8}},"18":{"start":{"line":36,"column":16},"end":{"line":36,"column":20}},"19":{"start":{"line":39,"column":20},"end":{"line":39,"column":37}},"20":{"start":{"line":42,"column":8},"end":{"line":44,"column":9}},"21":{"start":{"line":43,"column":10},"end":{"line":43,"column":98}},"22":{"start":{"line":47,"column":20},"end":{"line":47,"column":72}},"23":{"start":{"line":49,"column":8},"end":{"line":60,"column":9}},"24":{"start":{"line":52,"column":10},"end":{"line":54,"column":11}},"25":{"start":{"line":53,"column":12},"end":{"line":53,"column":101}},"26":{"start":{"line":57,"column":10},"end":{"line":59,"column":11}},"27":{"start":{"line":58,"column":12},"end":{"line":58,"column":29}},"28":{"start":{"line":64,"column":18},"end":{"line":64,"column":40}},"29":{"start":{"line":69,"column":16},"end":{"line":69,"column":67}},"30":{"start":{"line":72,"column":16},"end":{"line":72,"column":17}},"31":{"start":{"line":75,"column":8},"end":{"line":83,"column":9}},"32":{"start":{"line":76,"column":10},"end":{"line":76,"column":28}},"33":{"start":{"line":77,"column":10},"end":{"line":81,"column":11}},"34":{"start":{"line":78,"column":12},"end":{"line":78,"column":90}},"35":{"start":{"line":80,"column":12},"end":{"line":80,"column":26}},"36":{"start":{"line":82,"column":10},"end":{"line":82,"column":17}},"37":{"start":{"line":85,"column":8},"end":{"line":85,"column":23}},"38":{"start":{"line":87,"column":8},"end":{"line":87,"column":17}},"39":{"start":{"line":93,"column":2},"end":{"line":116,"column":3}},"40":{"start":{"line":94,"column":4},"end":{"line":115,"column":6}},"41":{"start":{"line":97,"column":6},"end":{"line":99,"column":7}},"42":{"start":{"line":98,"column":8},"end":{"line":98,"column":80}},"43":{"start":{"line":100,"column":6},"end":{"line":102,"column":7}},"44":{"start":{"line":101,"column":8},"end":{"line":101,"column":60}},"45":{"start":{"line":103,"column":17},"end":{"line":103,"column":29}},"46":{"start":{"line":104,"column":19},"end":{"line":104,"column":36}},"47":{"start":{"line":105,"column":20},"end":{"line":105,"column":32}},"48":{"start":{"line":108,"column":6},"end":{"line":113,"column":7}},"49":{"start":{"line":109,"column":8},"end":{"line":109,"column":24}},"50":{"start":{"line":110,"column":8},"end":{"line":112,"column":9}},"51":{"start":{"line":111,"column":10},"end":{"line":111,"column":23}},"52":{"start":{"line":114,"column":6},"end":{"line":114,"column":23}},"53":{"start":{"line":119,"column":4},"end":{"line":123,"column":6}},"54":{"start":{"line":124,"column":14},"end":{"line":124,"column":49}},"55":{"start":{"line":125,"column":4},"end":{"line":125,"column":81}},"56":{"start":{"line":126,"column":4},"end":{"line":126,"column":15}},"57":{"start":{"line":129,"column":2},"end":{"line":129,"column":49}},"58":{"start":{"line":131,"column":2},"end":{"line":131,"column":35}}},"fnMap":{"0":{"name":"(anonymous_0)","decl":{"start":{"line":4,"column":1},"end":{"line":4,"column":2}},"loc":{"start":{"line":4,"column":13},"end":{"line":132,"column":1}},"line":4},"1":{"name":"(anonymous_1)","decl":{"start":{"line":8,"column":17},"end":{"line":8,"column":18}},"loc":{"start":{"line":8,"column":29},"end":{"line":89,"column":5}},"line":8},"2":{"name":"isCallable","decl":{"start":{"line":11,"column":32},"end":{"line":11,"column":42}},"loc":{"start":{"line":11,"column":47},"end":{"line":13,"column":7}},"line":11},"3":{"name":"toInteger","decl":{"start":{"line":15,"column":31},"end":{"line":15,"column":40}},"loc":{"start":{"line":15,"column":48},"end":{"line":24,"column":7}},"line":15},"4":{"name":"toLength","decl":{"start":{"line":28,"column":30},"end":{"line":28,"column":38}},"loc":{"start":{"line":28,"column":46},"end":{"line":31,"column":7}},"line":28},"5":{"name":"from","decl":{"start":{"line":34,"column":22},"end":{"line":34,"column":26}},"loc":{"start":{"line":34,"column":60},"end":{"line":88,"column":7}},"line":34},"6":{"name":"(anonymous_6)","decl":{"start":{"line":94,"column":27},"end":{"line":94,"column":28}},"loc":{"start":{"line":94,"column":48},"end":{"line":115,"column":5}},"line":94},"7":{"name":"CustomEvent","decl":{"start":{"line":118,"column":11},"end":{"line":118,"column":22}},"loc":{"start":{"line":118,"column":38},"end":{"line":127,"column":3}},"line":118}},"branchMap":{"0":{"loc":{"start":{"line":7,"column":2},"end":{"line":90,"column":3}},"type":"if","locations":[{"start":{"line":7,"column":2},"end":{"line":90,"column":3}},{"start":{"line":7,"column":2},"end":{"line":90,"column":3}}],"line":7},"1":{"loc":{"start":{"line":12,"column":15},"end":{"line":12,"column":81}},"type":"binary-expr","locations":[{"start":{"line":12,"column":15},"end":{"line":12,"column":39}},{"start":{"line":12,"column":43},"end":{"line":12,"column":81}}],"line":12},"2":{"loc":{"start":{"line":17,"column":8},"end":{"line":19,"column":9}},"type":"if","locations":[{"start":{"line":17,"column":8},"end":{"line":19,"column":9}},{"start":{"line":17,"column":8},"end":{"line":19,"column":9}}],"line":17},"3":{"loc":{"start":{"line":20,"column":8},"end":{"line":22,"column":9}},"type":"if","locations":[{"start":{"line":20,"column":8},"end":{"line":22,"column":9}},{"start":{"line":20,"column":8},"end":{"line":22,"column":9}}],"line":20},"4":{"loc":{"start":{"line":20,"column":12},"end":{"line":20,"column":45}},"type":"binary-expr","locations":[{"start":{"line":20,"column":12},"end":{"line":20,"column":24}},{"start":{"line":20,"column":28},"end":{"line":20,"column":45}}],"line":20},"5":{"loc":{"start":{"line":23,"column":16},"end":{"line":23,"column":35}},"type":"cond-expr","locations":[{"start":{"line":23,"column":29},"end":{"line":23,"column":30}},{"start":{"line":23,"column":33},"end":{"line":23,"column":35}}],"line":23},"6":{"loc":{"start":{"line":42,"column":8},"end":{"line":44,"column":9}},"type":"if","locations":[{"start":{"line":42,"column":8},"end":{"line":44,"column":9}},{"start":{"line":42,"column":8},"end":{"line":44,"column":9}}],"line":42},"7":{"loc":{"start":{"line":47,"column":20},"end":{"line":47,"column":72}},"type":"cond-expr","locations":[{"start":{"line":47,"column":43},"end":{"line":47,"column":55}},{"start":{"line":47,"column":58},"end":{"line":47,"column":72}}],"line":47},"8":{"loc":{"start":{"line":49,"column":8},"end":{"line":60,"column":9}},"type":"if","locations":[{"start":{"line":49,"column":8},"end":{"line":60,"column":9}},{"start":{"line":49,"column":8},"end":{"line":60,"column":9}}],"line":49},"9":{"loc":{"start":{"line":52,"column":10},"end":{"line":54,"column":11}},"type":"if","locations":[{"start":{"line":52,"column":10},"end":{"line":54,"column":11}},{"start":{"line":52,"column":10},"end":{"line":54,"column":11}}],"line":52},"10":{"loc":{"start":{"line":57,"column":10},"end":{"line":59,"column":11}},"type":"if","locations":[{"start":{"line":57,"column":10},"end":{"line":59,"column":11}},{"start":{"line":57,"column":10},"end":{"line":59,"column":11}}],"line":57},"11":{"loc":{"start":{"line":69,"column":16},"end":{"line":69,"column":67}},"type":"cond-expr","locations":[{"start":{"line":69,"column":32},"end":{"line":69,"column":50}},{"start":{"line":69,"column":53},"end":{"line":69,"column":67}}],"line":69},"12":{"loc":{"start":{"line":77,"column":10},"end":{"line":81,"column":11}},"type":"if","locations":[{"start":{"line":77,"column":10},"end":{"line":81,"column":11}},{"start":{"line":77,"column":10},"end":{"line":81,"column":11}}],"line":77},"13":{"loc":{"start":{"line":78,"column":19},"end":{"line":78,"column":89}},"type":"cond-expr","locations":[{"start":{"line":78,"column":46},"end":{"line":78,"column":62}},{"start":{"line":78,"column":65},"end":{"line":78,"column":89}}],"line":78},"14":{"loc":{"start":{"line":93,"column":2},"end":{"line":116,"column":3}},"type":"if","locations":[{"start":{"line":93,"column":2},"end":{"line":116,"column":3}},{"start":{"line":93,"column":2},"end":{"line":116,"column":3}}],"line":93},"15":{"loc":{"start":{"line":97,"column":6},"end":{"line":99,"column":7}},"type":"if","locations":[{"start":{"line":97,"column":6},"end":{"line":99,"column":7}},{"start":{"line":97,"column":6},"end":{"line":99,"column":7}}],"line":97},"16":{"loc":{"start":{"line":100,"column":6},"end":{"line":102,"column":7}},"type":"if","locations":[{"start":{"line":100,"column":6},"end":{"line":102,"column":7}},{"start":{"line":100,"column":6},"end":{"line":102,"column":7}}],"line":100},"17":{"loc":{"start":{"line":110,"column":8},"end":{"line":112,"column":9}},"type":"if","locations":[{"start":{"line":110,"column":8},"end":{"line":112,"column":9}},{"start":{"line":110,"column":8},"end":{"line":112,"column":9}}],"line":110},"18":{"loc":{"start":{"line":119,"column":13},"end":{"line":123,"column":5}},"type":"binary-expr","locations":[{"start":{"line":119,"column":13},"end":{"line":119,"column":19}},{"start":{"line":119,"column":23},"end":{"line":123,"column":5}}],"line":119}},"s":{"0":1,"1":1,"2":0,"3":0,"4":0,"5":0,"6":0,"7":0,"8":0,"9":0,"10":0,"11":0,"12":0,"13":0,"14":0,"15":0,"16":0,"17":0,"18":0,"19":0,"20":0,"21":0,"22":0,"23":0,"24":0,"25":0,"26":0,"27":0,"28":0,"29":0,"30":0,"31":0,"32":0,"33":0,"34":0,"35":0,"36":0,"37":0,"38":0,"39":1,"40":0,"41":0,"42":0,"43":0,"44":0,"45":0,"46":0,"47":0,"48":0,"49":0,"50":0,"51":0,"52":0,"53":0,"54":0,"55":0,"56":0,"57":1,"58":1},"f":{"0":1,"1":0,"2":0,"3":0,"4":0,"5":0,"6":0,"7":0},"b":{"0":[0,1],"1":[0,0],"2":[0,0],"3":[0,0],"4":[0,0],"5":[0,0],"6":[0,0],"7":[0,0],"8":[0,0],"9":[0,0],"10":[0,0],"11":[0,0],"12":[0,0],"13":[0,0],"14":[0,1],"15":[0,0],"16":[0,0],"17":[0,0],"18":[0,0]},"_coverageSchema":"332fd63041d2c1bcb487cc26dd0d5f7d97098a6c","hash":"6373357dd5a86a46ff5200343c3e6d7844f0a30a","contentHash":"cdddb73822ee73374c4c1320cedbc774_11.0.3"}}